backend/Executor version : v2.45.0.2
Proclib version : v2.45.0.0
Decimation will generate files every 10 minutes
11041_697D325E_3_00000001.bin took max time to decimate :163973 microseconds
11041_697D325E_2_00000002.bin took max time to decimate :251143 microseconds
11041_697D325E_3_00000003.bin took max time to decimate :235505 microseconds
11041_697D325E_3_00000004.bin took max time to decimate :264565 microseconds
11041_697D325E_3_00000005.bin took max time to decimate :237733 microseconds
11041_697D325E_2_00000006.bin took max time to decimate :244014 microseconds
11041_697D325E_2_00000007.bin took max time to decimate :246240 microseconds
11041_697D325E_4_00000008.bin took max time to decimate :221057 microseconds
11041_697D325E_2_00000009.bin took max time to decimate :207213 microseconds
11041_697D325E_2_0000000A.bin took max time to decimate :209724 microseconds
11041_697D325E_0_0000000B.bin took max time to decimate :1730527 microseconds
11041_697D325E_1_0000000C.bin took max time to decimate :214902 microseconds
11041_697D325E_2_0000000D.bin took max time to decimate :221506 microseconds
11041_697D325E_3_0000000E.bin took max time to decimate :227122 microseconds
11041_697D325E_2_0000000F.bin took max time to decimate :224216 microseconds
11041_697D325E_0_00000010.bin took max time to decimate :216553 microseconds
11041_697D325E_3_00000011.bin took max time to decimate :199625 microseconds
11041_697D325E_3_00000012.bin took max time to decimate :207288 microseconds
11041_697D325E_3_00000013.bin took max time to decimate :203708 microseconds
11041_697D325E_2_00000014.bin took max time to decimate :220924 microseconds
11041_697D325E_1_00000015.bin took max time to decimate :1731805 microseconds
11041_697D325E_1_00000016.bin took max time to decimate :213924 microseconds
11041_697D325E_3_00000017.bin took max time to decimate :202559 microseconds
11041_697D325E_3_00000018.bin took max time to decimate :215429 microseconds
11041_697D325E_3_00000019.bin took max time to decimate :217914 microseconds
11041_697D325E_2_0000001A.bin took max time to decimate :215198 microseconds
11041_697D325E_3_0000001B.bin took max time to decimate :201808 microseconds
11041_697D325E_4_0000001C.bin took max time to decimate :203411 microseconds
11041_697D325E_3_0000001D.bin took max time to decimate :224164 microseconds
11041_697D325E_4_0000001E.bin took max time to decimate :225606 microseconds
11041_697D325E_2_0000001F.bin took max time to decimate :1723962 microseconds
11041_697D325E_3_00000020.bin took max time to decimate :218504 microseconds
11041_697D325E_3_00000021.bin took max time to decimate :220255 microseconds
11041_697D325E_2_00000022.bin took max time to decimate :218656 microseconds
11041_697D325E_1_00000023.bin took max time to decimate :217533 microseconds
11041_697D325E_3_00000024.bin took max time to decimate :225713 microseconds
11041_697D325E_1_00000025.bin took max time to decimate :202981 microseconds
11041_697D325E_3_00000026.bin took max time to decimate :229347 microseconds
11041_697D325E_3_00000027.bin took max time to decimate :206268 microseconds
11041_697D325E_2_00000028.bin took max time to decimate :215622 microseconds
11041_697D325E_1_00000029.bin took max time to decimate :1721430 microseconds
11041_697D325E_3_0000002A.bin took max time to decimate :201475 microseconds
11041_697D325E_4_0000002B.bin took max time to decimate :195906 microseconds
11041_697D325E_3_0000002C.bin took max time to decimate :222180 microseconds
11041_697D325E_2_0000002D.bin took max time to decimate :208001 microseconds
11041_697D325E_2_0000002E.bin took max time to decimate :218550 microseconds
11041_697D325E_2_0000002F.bin took max time to decimate :216308 microseconds
11041_697D325E_1_00000030.bin took max time to decimate :221993 microseconds
11041_697D325E_3_00000031.bin took max time to decimate :205539 microseconds
11041_697D325E_2_00000032.bin took max time to decimate :200708 microseconds
11041_697D325E_4_00000033.bin took max time to decimate :1726687 microseconds
11041_697D325E_3_00000034.bin took max time to decimate :208907 microseconds
11041_697D325E_2_00000035.bin took max time to decimate :215584 microseconds
11041_697D325E_2_00000036.bin took max time to decimate :218868 microseconds
11041_697D325E_4_00000037.bin took max time to decimate :231839 microseconds
11041_697D325E_2_00000038.bin took max time to decimate :217862 microseconds
11041_697D325E_2_00000039.bin took max time to decimate :201346 microseconds
11041_697D325E_4_0000003A.bin took max time to decimate :225635 microseconds
11041_697D325E_4_0000003B.bin took max time to decimate :220563 microseconds
11041_697D325E_3_0000003C.bin took max time to decimate :220046 microseconds
11041_697D325E_3_0000003D.bin took max time to decimate :1722958 microseconds
11041_697D325E_0_0000003E.bin took max time to decimate :197410 microseconds
11041_697D325E_3_0000003F.bin took max time to decimate :225659 microseconds
11041_697D325E_4_00000040.bin took max time to decimate :222944 microseconds
11041_697D325E_1_00000041.bin took max time to decimate :205864 microseconds
11041_697D325E_1_00000042.bin took max time to decimate :203284 microseconds
11041_697D325E_3_00000043.bin took max time to decimate :222283 microseconds
11041_697D325E_4_00000044.bin took max time to decimate :222314 microseconds
11041_697D325E_3_00000045.bin took max time to decimate :204738 microseconds
11041_697D325E_4_00000046.bin took max time to decimate :223461 microseconds
11041_697D325E_0_00000047.bin took max time to decimate :1725047 microseconds
11041_697D325E_1_00000048.bin took max time to decimate :217176 microseconds
11041_697D325E_3_00000049.bin took max time to decimate :198302 microseconds
11041_697D325E_3_0000004A.bin took max time to decimate :217244 microseconds
11041_697D325E_4_0000004B.bin took max time to decimate :227028 microseconds
11041_697D325E_2_0000004C.bin took max time to decimate :217940 microseconds
11041_697D325E_3_0000004D.bin took max time to decimate :225757 microseconds
11041_697D325E_4_0000004E.bin took max time to decimate :205442 microseconds
11041_697D325E_1_0000004F.bin took max time to decimate :206759 microseconds
11041_697D325E_4_00000050.bin took max time to decimate :228666 microseconds
11041_697D325E_0_00000051.bin took max time to decimate :1721024 microseconds
11041_697D325E_1_00000052.bin took max time to decimate :207362 microseconds
11041_697D325E_4_00000053.bin took max time to decimate :207825 microseconds
11041_697D325E_3_00000054.bin took max time to decimate :224793 microseconds
11041_697D325E_3_00000055.bin took max time to decimate :195463 microseconds
11041_697D325E_4_00000056.bin took max time to decimate :200717 microseconds
11041_697D325E_2_00000057.bin took max time to decimate :216760 microseconds
11041_697D325E_4_00000058.bin took max time to decimate :228880 microseconds
11041_697D325E_3_00000059.bin took max time to decimate :234546 microseconds
11041_697D325E_4_0000005A.bin took max time to decimate :204194 microseconds
11041_697D325E_3_0000005B.bin took max time to decimate :1737807 microseconds
11041_697D325E_2_0000005C.bin took max time to decimate :191748 microseconds
11041_697D325E_4_0000005D.bin took max time to decimate :183333 microseconds
11041_697D325E_1_0000005E.bin took max time to decimate :248381 microseconds
11041_697D325E_1_0000005F.bin took max time to decimate :214199 microseconds
11041_697D325E_1_00000060.bin took max time to decimate :220594 microseconds
11041_697D325E_3_00000061.bin took max time to decimate :209733 microseconds
11041_697D325E_4_00000062.bin took max time to decimate :195507 microseconds
11041_697D325E_4_00000063.bin took max time to decimate :182220 microseconds
11041_697D325E_1_00000064.bin took max time to decimate :188084 microseconds
11041_697D325E_4_00000065.bin took max time to decimate :1733027 microseconds
11041_697D325E_2_00000066.bin took max time to decimate :190767 microseconds
11041_697D325E_4_00000067.bin took max time to decimate :237763 microseconds
11041_697D325E_2_00000068.bin took max time to decimate :224337 microseconds
11041_697D325E_2_00000069.bin took max time to decimate :186410 microseconds
11041_697D325E_2_0000006A.bin took max time to decimate :186225 microseconds
11041_697D325E_1_0000006B.bin took max time to decimate :184135 microseconds
11041_697D325E_3_0000006C.bin took max time to decimate :255115 microseconds
11041_697D325E_2_0000006D.bin took max time to decimate :208415 microseconds
11041_697D325E_2_0000006E.bin took max time to decimate :204054 microseconds
11041_697D325E_1_0000006F.bin took max time to decimate :1724662 microseconds
11041_697D325E_1_00000070.bin took max time to decimate :192032 microseconds
11041_697D325E_1_00000071.bin took max time to decimate :188792 microseconds
11041_697D325E_1_00000072.bin took max time to decimate :192108 microseconds
11041_697D325E_1_00000073.bin took max time to decimate :187683 microseconds
11041_697D325E_1_00000074.bin took max time to decimate :194321 microseconds
11041_697D325E_3_00000075.bin took max time to decimate :252766 microseconds
11041_697D325E_1_00000076.bin took max time to decimate :248176 microseconds
11041_697D325E_1_00000077.bin took max time to decimate :184994 microseconds
11041_697D325E_3_00000078.bin took max time to decimate :215084 microseconds
11041_697D325E_2_00000079.bin took max time to decimate :1721469 microseconds
11041_697D325E_2_0000007A.bin took max time to decimate :197557 microseconds
11041_697D325E_1_0000007B.bin took max time to decimate :212438 microseconds
11041_697D325E_1_0000007C.bin took max time to decimate :201387 microseconds
11041_697D325E_1_0000007D.bin took max time to decimate :184772 microseconds
11041_697D325E_1_0000007E.bin took max time to decimate :242121 microseconds
11041_697D325E_0_0000007F.bin took max time to decimate :250891 microseconds
11041_697D325E_1_00000080.bin took max time to decimate :181734 microseconds
11041_697D325E_1_00000081.bin took max time to decimate :214388 microseconds
11041_697D325E_4_00000082.bin took max time to decimate :218732 microseconds
11041_697D325E_3_00000083.bin took max time to decimate :1726719 microseconds
11041_697D325E_2_00000084.bin took max time to decimate :198057 microseconds
11041_697D325E_3_00000085.bin took max time to decimate :210300 microseconds
11041_697D325E_1_00000086.bin took max time to decimate :187509 microseconds
11041_697D325E_2_00000087.bin took max time to decimate :253926 microseconds
11041_697D325E_1_00000088.bin took max time to decimate :240513 microseconds
11041_697D325E_3_00000089.bin took max time to decimate :196715 microseconds
11041_697D325E_1_0000008A.bin took max time to decimate :236324 microseconds
11041_697D325E_2_0000008B.bin took max time to decimate :190095 microseconds
11041_697D325E_2_0000008C.bin took max time to decimate :182461 microseconds
11041_697D325E_3_0000008D.bin took max time to decimate :1723581 microseconds
11041_697D325E_3_0000008E.bin took max time to decimate :196695 microseconds
11041_697D325E_3_0000008F.bin took max time to decimate :185798 microseconds
11041_697D325E_2_00000090.bin took max time to decimate :255395 microseconds
11041_697D325E_2_00000091.bin took max time to decimate :254757 microseconds
11041_697D325E_1_00000092.bin took max time to decimate :184688 microseconds
11041_697D325E_1_00000093.bin took max time to decimate :193751 microseconds
11041_697D325E_4_00000094.bin took max time to decimate :191619 microseconds
11041_697D325E_3_00000095.bin took max time to decimate :210363 microseconds
11041_697D325E_1_00000096.bin took max time to decimate :244817 microseconds
11041_697D325E_1_00000097.bin took max time to decimate :1721934 microseconds
11041_697D325E_2_00000098.bin took max time to decimate :195671 microseconds
11041_697D325E_4_00000099.bin took max time to decimate :221013 microseconds
11041_697D325E_3_0000009A.bin took max time to decimate :254660 microseconds
11041_697D325E_2_0000009B.bin took max time to decimate :186494 microseconds
11041_697D325E_4_0000009C.bin took max time to decimate :220262 microseconds
11041_697D325E_2_0000009D.bin took max time to decimate :218441 microseconds
11041_697D325E_3_0000009E.bin took max time to decimate :186313 microseconds
11041_697D325E_2_0000009F.bin took max time to decimate :202203 microseconds
11041_697D325E_3_000000A0.bin took max time to decimate :185559 microseconds
11041_697D325E_4_000000A1.bin took max time to decimate :1734828 microseconds
11041_697D325E_1_000000A2.bin took max time to decimate :188345 microseconds
11041_697D325E_1_000000A3.bin took max time to decimate :184115 microseconds
11041_697D325E_4_000000A4.bin took max time to decimate :219159 microseconds
11041_697D325E_2_000000A5.bin took max time to decimate :219153 microseconds
11041_697D325E_2_000000A6.bin took max time to decimate :193177 microseconds
11041_697D325E_2_000000A7.bin took max time to decimate :183376 microseconds
11041_697D325E_4_000000A8.bin took max time to decimate :221755 microseconds
11041_697D325E_4_000000A9.bin took max time to decimate :195621 microseconds
11041_697D325E_4_000000AA.bin took max time to decimate :222917 microseconds
11041_697D325E_0_000000AB.bin took max time to decimate :1724227 microseconds
11041_697D325E_3_000000AC.bin took max time to decimate :198987 microseconds
11041_697D325E_1_000000AD.bin took max time to decimate :222270 microseconds
11041_697D325E_4_000000AE.bin took max time to decimate :257143 microseconds
11041_697D325E_1_000000AF.bin took max time to decimate :195008 microseconds
11041_697D325E_4_000000B0.bin took max time to decimate :222425 microseconds
11041_697D325E_2_000000B1.bin took max time to decimate :198103 microseconds
11041_697D325E_4_000000B2.bin took max time to decimate :184959 microseconds
11041_697D325E_4_000000B3.bin took max time to decimate :184196 microseconds
11041_697D325E_1_000000B4.bin took max time to decimate :182882 microseconds
11041_697D325E_3_000000B5.bin took max time to decimate :1729813 microseconds
11041_697D325E_2_000000B6.bin took max time to decimate :193098 microseconds
11041_697D325E_2_000000B7.bin took max time to decimate :210472 microseconds
11041_697D325E_3_000000B8.bin took max time to decimate :187491 microseconds
11041_697D325E_2_000000B9.bin took max time to decimate :218549 microseconds
11041_697D325E_4_000000BA.bin took max time to decimate :185655 microseconds
11041_697D325E_2_000000BB.bin took max time to decimate :251162 microseconds
11041_697D325E_3_000000BC.bin took max time to decimate :205325 microseconds
11041_697D325E_2_000000BD.bin took max time to decimate :212246 microseconds
11041_697D325E_2_000000BE.bin took max time to decimate :206973 microseconds
11041_697D325E_3_000000BF.bin took max time to decimate :1728704 microseconds
11041_697D325E_4_000000C0.bin took max time to decimate :193083 microseconds
11041_697D325E_4_000000C1.bin took max time to decimate :219238 microseconds
11041_697D325E_2_000000C2.bin took max time to decimate :187116 microseconds
11041_697D325E_4_000000C3.bin took max time to decimate :237024 microseconds
11041_697D325E_1_000000C4.bin took max time to decimate :184213 microseconds
11041_697D325E_1_000000C5.bin took max time to decimate :182739 microseconds
11041_697D325E_2_000000C6.bin took max time to decimate :216079 microseconds
11041_697D325E_2_000000C7.bin took max time to decimate :253630 microseconds
11041_697D325E_4_000000C8.bin took max time to decimate :215561 microseconds
11041_697D325E_3_000000C9.bin took max time to decimate :1728789 microseconds
11041_697D325E_2_000000CA.bin took max time to decimate :196630 microseconds
11041_697D325E_2_000000CB.bin took max time to decimate :183239 microseconds
11041_697D325E_2_000000CC.bin took max time to decimate :252911 microseconds
11041_697D325E_3_000000CD.bin took max time to decimate :216081 microseconds
11041_697D325E_3_000000CE.bin took max time to decimate :202186 microseconds
11041_697D325E_3_000000CF.bin took max time to decimate :254306 microseconds
11041_697D325E_1_000000D0.bin took max time to decimate :184492 microseconds
11041_697D325E_1_000000D1.bin took max time to decimate :184621 microseconds
11041_697D325E_1_000000D2.bin took max time to decimate :182709 microseconds
11041_697D325E_1_000000D3.bin took max time to decimate :1729817 microseconds
11041_697D325E_1_000000D4.bin took max time to decimate :201602 microseconds
11041_697D325E_3_000000D5.bin took max time to decimate :207843 microseconds
11041_697D325E_2_000000D6.bin took max time to decimate :219511 microseconds
11041_697D325E_2_000000D7.bin took max time to decimate :184706 microseconds
11041_697D325E_2_000000D8.bin took max time to decimate :245103 microseconds
11041_697D325E_2_000000D9.bin took max time to decimate :182736 microseconds
11041_697D325E_2_000000DA.bin took max time to decimate :187142 microseconds
11041_697D325E_2_000000DB.bin took max time to decimate :251054 microseconds
11041_697D325E_4_000000DC.bin took max time to decimate :215840 microseconds
11041_697D325E_3_000000DD.bin took max time to decimate :1722746 microseconds
11041_697D325E_2_000000DE.bin took max time to decimate :186321 microseconds
11041_697D325E_3_000000DF.bin took max time to decimate :184653 microseconds
11041_697D325E_1_000000E0.bin took max time to decimate :218633 microseconds
11041_697D325E_3_000000E1.bin took max time to decimate :193662 microseconds
11041_697D325E_3_000000E2.bin took max time to decimate :230515 microseconds
11041_697D325E_2_000000E3.bin took max time to decimate :201283 microseconds
11041_697D325E_2_000000E4.bin took max time to decimate :196890 microseconds
11041_697D325E_2_000000E5.bin took max time to decimate :196891 microseconds
11041_697D325E_2_000000E6.bin took max time to decimate :213942 microseconds
11041_697D325E_0_000000E7.bin took max time to decimate :1723872 microseconds
11041_697D325E_1_000000E8.bin took max time to decimate :194306 microseconds
11041_697D325E_1_000000E9.bin took max time to decimate :189807 microseconds
11041_697D325E_1_000000EA.bin took max time to decimate :189668 microseconds
11041_697D325E_1_000000EB.bin took max time to decimate :209674 microseconds
11041_697D325E_2_000000EC.bin took max time to decimate :242254 microseconds
11041_697D325E_2_000000ED.bin took max time to decimate :205144 microseconds
11041_697D325E_4_000000EE.bin took max time to decimate :219248 microseconds
11041_697D325E_3_000000EF.bin took max time to decimate :224305 microseconds
11041_697D325E_4_000000F0.bin took max time to decimate :258981 microseconds
11041_697D325E_2_000000F1.bin took max time to decimate :1728791 microseconds
11041_697D325E_3_000000F2.bin took max time to decimate :185498 microseconds
11041_697D325E_1_000000F3.bin took max time to decimate :188859 microseconds
11041_697D325E_1_000000F4.bin took max time to decimate :252030 microseconds
11041_697D325E_1_000000F5.bin took max time to decimate :201811 microseconds
11041_697D325E_1_000000F6.bin took max time to decimate :223626 microseconds
11041_697D325E_3_000000F7.bin took max time to decimate :218353 microseconds
11041_697D325E_1_000000F8.bin took max time to decimate :195207 microseconds
11041_697D325E_2_000000F9.bin took max time to decimate :187660 microseconds
11041_697D325E_2_000000FA.bin took max time to decimate :188123 microseconds
11041_697D325E_2_000000FB.bin took max time to decimate :1726357 microseconds
11041_697D325E_2_000000FC.bin took max time to decimate :193640 microseconds
11041_697D325E_2_000000FD.bin took max time to decimate :182097 microseconds
11041_697D325E_1_000000FE.bin took max time to decimate :185823 microseconds
11041_697D325E_1_000000FF.bin took max time to decimate :243976 microseconds
11041_697D325E_4_00000100.bin took max time to decimate :232246 microseconds
11041_697D325E_2_00000101.bin took max time to decimate :194106 microseconds
11041_697D325E_3_00000102.bin took max time to decimate :208005 microseconds
11041_697D325E_2_00000103.bin took max time to decimate :214361 microseconds
11041_697D325E_1_00000104.bin took max time to decimate :242573 microseconds
11041_697D325E_2_00000105.bin took max time to decimate :1724740 microseconds
11041_697D325E_1_00000106.bin took max time to decimate :201713 microseconds
11041_697D325E_4_00000107.bin took max time to decimate :219340 microseconds
11041_697D325E_3_00000108.bin took max time to decimate :219491 microseconds
11041_697D325E_4_00000109.bin took max time to decimate :220276 microseconds
11041_697D325E_2_0000010A.bin took max time to decimate :204052 microseconds
11041_697D325E_0_0000010B.bin took max time to decimate :248135 microseconds
11041_697D325E_4_0000010C.bin took max time to decimate :211049 microseconds
11041_697D325E_2_0000010D.bin took max time to decimate :217752 microseconds
11041_697D325E_1_0000010E.bin took max time to decimate :244983 microseconds
11041_697D325E_4_0000010F.bin took max time to decimate :1733518 microseconds
11041_697D325E_4_00000110.bin took max time to decimate :214644 microseconds
11041_697D325E_4_00000111.bin took max time to decimate :183516 microseconds
11041_697D325E_1_00000112.bin took max time to decimate :242360 microseconds
11041_697D325E_1_00000113.bin took max time to decimate :189367 microseconds
11041_697D325E_1_00000114.bin took max time to decimate :187254 microseconds
11041_697D325E_1_00000115.bin took max time to decimate :239569 microseconds
11041_697D325E_4_00000116.bin took max time to decimate :251511 microseconds
11041_697D325E_1_00000117.bin took max time to decimate :240911 microseconds
11041_697D325E_4_00000118.bin took max time to decimate :198840 microseconds
11041_697D325E_1_00000119.bin took max time to decimate :1725671 microseconds
11041_697D325E_4_0000011A.bin took max time to decimate :200919 microseconds
11041_697D325E_4_0000011B.bin took max time to decimate :192835 microseconds
11041_697D325E_4_0000011C.bin took max time to decimate :222881 microseconds
11041_697D325E_1_0000011D.bin took max time to decimate :247782 microseconds
11041_697D325E_2_0000011E.bin took max time to decimate :218204 microseconds
11041_697D325E_2_0000011F.bin took max time to decimate :201212 microseconds
11041_697D325E_1_00000120.bin took max time to decimate :180892 microseconds
11041_697D325E_4_00000121.bin took max time to decimate :217727 microseconds
11041_697D325E_3_00000122.bin took max time to decimate :240198 microseconds
11041_697D325E_2_00000123.bin took max time to decimate :1720889 microseconds
11041_697D325E_1_00000124.bin took max time to decimate :194112 microseconds
11041_697D325E_1_00000125.bin took max time to decimate :246107 microseconds
11041_697D325E_2_00000126.bin took max time to decimate :195884 microseconds
11041_697D325E_2_00000127.bin took max time to decimate :187996 microseconds
11041_697D325E_2_00000128.bin took max time to decimate :218631 microseconds
11041_697D325E_2_00000129.bin took max time to decimate :187308 microseconds
11041_697D325E_4_0000012A.bin took max time to decimate :223793 microseconds
11041_697D325E_4_0000012B.bin took max time to decimate :194044 microseconds
11041_697D325E_4_0000012C.bin took max time to decimate :210698 microseconds
11041_697D325E_4_0000012D.bin took max time to decimate :1728428 microseconds
11041_697D325E_3_0000012E.bin took max time to decimate :198434 microseconds
11041_697D325E_3_0000012F.bin took max time to decimate :219587 microseconds
11041_697D325E_2_00000130.bin took max time to decimate :196878 microseconds
11041_697D325E_2_00000131.bin took max time to decimate :196744 microseconds
11041_697D325E_2_00000132.bin took max time to decimate :215301 microseconds
11041_697D325E_1_00000133.bin took max time to decimate :242572 microseconds
11041_697D325E_1_00000134.bin took max time to decimate :187023 microseconds
11041_697D325E_1_00000135.bin took max time to decimate :183972 microseconds
11041_697D325E_1_00000136.bin took max time to decimate :185971 microseconds
11041_697D325E_3_00000137.bin took max time to decimate :1733239 microseconds
11041_697D325E_4_00000138.bin took max time to decimate :193191 microseconds
11041_697D325E_4_00000139.bin took max time to decimate :183567 microseconds
11041_697D325E_4_0000013A.bin took max time to decimate :180575 microseconds
11041_697D325E_1_0000013B.bin took max time to decimate :181517 microseconds
11041_697D325E_4_0000013C.bin took max time to decimate :221201 microseconds
11041_697D325E_2_0000013D.bin took max time to decimate :216077 microseconds
11041_697D325E_1_0000013E.bin took max time to decimate :209786 microseconds
11041_697D325E_1_0000013F.bin took max time to decimate :210316 microseconds
11041_697D325E_4_00000140.bin took max time to decimate :193019 microseconds
11041_697D325E_1_00000141.bin took max time to decimate :1724492 microseconds
11041_697D325E_2_00000142.bin took max time to decimate :197714 microseconds
11041_697D325E_2_00000143.bin took max time to decimate :207762 microseconds
11041_697D325E_2_00000144.bin took max time to decimate :186185 microseconds
11041_697D325E_1_00000145.bin took max time to decimate :242267 microseconds
11041_697D325E_1_00000146.bin took max time to decimate :186139 microseconds
11041_697D325E_3_00000147.bin took max time to decimate :211709 microseconds
11041_697D325E_3_00000148.bin took max time to decimate :193596 microseconds
11041_697D325E_1_00000149.bin took max time to decimate :217393 microseconds
11041_697D325E_2_0000014A.bin took max time to decimate :187909 microseconds
11041_697D325E_3_0000014B.bin took max time to decimate :1728776 microseconds
11041_697D325E_1_0000014C.bin took max time to decimate :199343 microseconds
11041_697D325E_3_0000014D.bin took max time to decimate :239436 microseconds
11041_697D325E_2_0000014E.bin took max time to decimate :204027 microseconds
11041_697D325E_1_0000014F.bin took max time to decimate :249371 microseconds
11041_697D325E_4_00000150.bin took max time to decimate :205733 microseconds
11041_697D325E_1_00000151.bin took max time to decimate :242454 microseconds
11041_697D325E_1_00000152.bin took max time to decimate :187979 microseconds
11041_697D325E_1_00000153.bin took max time to decimate :196506 microseconds
11041_697D325E_1_00000154.bin took max time to decimate :187931 microseconds
11041_697D325E_0_00000155.bin took max time to decimate :1715440 microseconds
11041_697D325E_1_00000156.bin took max time to decimate :200058 microseconds
11041_697D325E_3_00000157.bin took max time to decimate :204533 microseconds
11041_697D325E_4_00000158.bin took max time to decimate :215220 microseconds
11041_697D325E_4_00000159.bin took max time to decimate :191027 microseconds
11041_697D325E_4_0000015A.bin took max time to decimate :189057 microseconds
11041_697D325E_4_0000015B.bin took max time to decimate :188023 microseconds
11041_697D325E_4_0000015C.bin took max time to decimate :192058 microseconds
11041_697D325E_4_0000015D.bin took max time to decimate :185930 microseconds
11041_697D325E_2_0000015E.bin took max time to decimate :192030 microseconds
11041_697D325E_2_0000015F.bin took max time to decimate :1729593 microseconds
11041_697D325E_1_00000160.bin took max time to decimate :196644 microseconds
11041_697D325E_4_00000161.bin took max time to decimate :253210 microseconds
11041_697D325E_2_00000162.bin took max time to decimate :243094 microseconds
11041_697D325E_2_00000163.bin took max time to decimate :208934 microseconds
11041_697D325E_2_00000164.bin took max time to decimate :197832 microseconds
11041_697D325E_3_00000165.bin took max time to decimate :214111 microseconds
11041_697D325E_2_00000166.bin took max time to decimate :213240 microseconds
11041_697D325E_1_00000167.bin took max time to decimate :243499 microseconds
11041_697D325E_1_00000168.bin took max time to decimate :189243 microseconds
11041_697D325E_0_00000169.bin took max time to decimate :1715919 microseconds
11041_697D325E_4_0000016A.bin took max time to decimate :197657 microseconds
11041_697D325E_1_0000016B.bin took max time to decimate :248379 microseconds
11041_697D325E_4_0000016C.bin took max time to decimate :212435 microseconds
11041_697D325E_2_0000016D.bin took max time to decimate :196118 microseconds
11041_697D325E_2_0000016E.bin took max time to decimate :194591 microseconds
11041_697D325E_2_0000016F.bin took max time to decimate :186843 microseconds
11041_697D325E_2_00000170.bin took max time to decimate :182098 microseconds
11041_697D325E_2_00000171.bin took max time to decimate :194510 microseconds
11041_697D325E_1_00000172.bin took max time to decimate :244028 microseconds
11041_697D325E_1_00000173.bin took max time to decimate :1730154 microseconds
11041_697D325E_3_00000174.bin took max time to decimate :200002 microseconds
11041_697D325E_1_00000175.bin took max time to decimate :233229 microseconds
11041_697D325E_4_00000176.bin took max time to decimate :191471 microseconds
11041_697D325E_3_00000177.bin took max time to decimate :206535 microseconds
11041_697D325E_4_00000178.bin took max time to decimate :181677 microseconds
11041_697D325E_1_00000179.bin took max time to decimate :249229 microseconds
11041_697D325E_4_0000017A.bin took max time to decimate :216970 microseconds
11041_697D325E_1_0000017B.bin took max time to decimate :243508 microseconds
11041_697D325E_1_0000017C.bin took max time to decimate :183242 microseconds
11041_697D325E_0_0000017D.bin took max time to decimate :1724994 microseconds
11041_697D325E_1_0000017E.bin took max time to decimate :189329 microseconds
11041_697D325E_3_0000017F.bin took max time to decimate :227501 microseconds
11041_697D325E_4_00000180.bin took max time to decimate :195270 microseconds
11041_697D325E_4_00000181.bin took max time to decimate :195680 microseconds
11041_697D325E_1_00000182.bin took max time to decimate :213468 microseconds
11041_697D325E_2_00000183.bin took max time to decimate :240846 microseconds
11041_697D325E_2_00000184.bin took max time to decimate :183589 microseconds
11041_697D325E_4_00000185.bin took max time to decimate :188642 microseconds
11041_697D325E_3_00000186.bin took max time to decimate :235024 microseconds
11041_697D325E_1_00000187.bin took max time to decimate :1727992 microseconds
11041_697D325E_2_00000188.bin took max time to decimate :197286 microseconds
11041_697D325E_1_00000189.bin took max time to decimate :247890 microseconds
11041_697D325E_1_0000018A.bin took max time to decimate :244350 microseconds
11041_697D325E_1_0000018B.bin took max time to decimate :240088 microseconds
11041_697D325E_4_0000018C.bin took max time to decimate :223202 microseconds
11041_697D325E_1_0000018D.bin took max time to decimate :227040 microseconds
11041_697D325E_1_0000018E.bin took max time to decimate :181774 microseconds
11041_697D325E_1_0000018F.bin took max time to decimate :246668 microseconds
11041_697D325E_4_00000190.bin took max time to decimate :233509 microseconds
11041_697D325E_3_00000191.bin took max time to decimate :1722855 microseconds
11041_697D325E_2_00000192.bin took max time to decimate :205579 microseconds
11041_697D325E_2_00000193.bin took max time to decimate :244461 microseconds
11041_697D325E_2_00000194.bin took max time to decimate :239397 microseconds
11041_697D325E_4_00000195.bin took max time to decimate :237502 microseconds
11041_697D325E_2_00000196.bin took max time to decimate :188878 microseconds
11041_697D325E_0_00000197.bin took max time to decimate :181494 microseconds
11041_697D325E_4_00000198.bin took max time to decimate :220603 microseconds
11041_697D325E_3_00000199.bin took max time to decimate :183694 microseconds
11041_697D325E_2_0000019A.bin took max time to decimate :181356 microseconds
11041_697D325E_3_0000019B.bin took max time to decimate :1732412 microseconds
11041_697D325E_1_0000019C.bin took max time to decimate :190098 microseconds
11041_697D325E_1_0000019D.bin took max time to decimate :244538 microseconds
11041_697D325E_4_0000019E.bin took max time to decimate :205202 microseconds
11041_697D325E_2_0000019F.bin took max time to decimate :247840 microseconds
11041_697D325E_4_000001A0.bin took max time to decimate :212239 microseconds
11041_697D325E_4_000001A1.bin took max time to decimate :225021 microseconds
11041_697D325E_2_000001A2.bin took max time to decimate :223138 microseconds
11041_697D325E_4_000001A3.bin took max time to decimate :207921 microseconds
11041_697D325E_2_000001A4.bin took max time to decimate :186420 microseconds
11041_697D325E_1_000001A5.bin took max time to decimate :1719589 microseconds
11041_697D325E_1_000001A6.bin took max time to decimate :191359 microseconds
11041_697D325E_1_000001A7.bin took max time to decimate :185755 microseconds
11041_697D325E_4_000001A8.bin took max time to decimate :223427 microseconds
11041_697D325E_4_000001A9.bin took max time to decimate :193158 microseconds
11041_697D325E_4_000001AA.bin took max time to decimate :188016 microseconds
11041_697D325E_1_000001AB.bin took max time to decimate :224881 microseconds
11041_697D325E_3_000001AC.bin took max time to decimate :253278 microseconds
11041_697D325E_4_000001AD.bin took max time to decimate :224554 microseconds
11041_697D325E_3_000001AE.bin took max time to decimate :202316 microseconds
11041_697D325E_1_000001AF.bin took max time to decimate :1727874 microseconds
11041_697D325E_1_000001B0.bin took max time to decimate :195795 microseconds
11041_697D325E_4_000001B1.bin took max time to decimate :211888 microseconds
11041_697D325E_2_000001B2.bin took max time to decimate :197649 microseconds
11041_697D325E_2_000001B3.bin took max time to decimate :191187 microseconds
11041_697D325E_2_000001B4.bin took max time to decimate :214179 microseconds
11041_697D325E_3_000001B5.bin took max time to decimate :213127 microseconds
11041_697D325E_4_000001B6.bin took max time to decimate :194277 microseconds
11041_697D325E_3_000001B7.bin took max time to decimate :212891 microseconds
11041_697D325E_2_000001B8.bin took max time to decimate :188023 microseconds
11041_697D325E_2_000001B9.bin took max time to decimate :1725549 microseconds
11041_697D325E_3_000001BA.bin took max time to decimate :191370 microseconds
11041_697D325E_3_000001BB.bin took max time to decimate :245233 microseconds
11041_697D325E_3_000001BC.bin took max time to decimate :256424 microseconds
11041_697D325E_2_000001BD.bin took max time to decimate :221133 microseconds
11041_697D325E_2_000001BE.bin took max time to decimate :216588 microseconds
11041_697D325E_3_000001BF.bin took max time to decimate :189448 microseconds
11041_697D325E_3_000001C0.bin took max time to decimate :243687 microseconds
11041_697D325E_1_000001C1.bin took max time to decimate :206939 microseconds
11041_697D325E_4_000001C2.bin took max time to decimate :185048 microseconds
11041_697D325E_3_000001C3.bin took max time to decimate :1720535 microseconds
11041_697D325E_1_000001C4.bin took max time to decimate :198649 microseconds
11041_697D325E_1_000001C5.bin took max time to decimate :196788 microseconds
11041_697D325E_1_000001C6.bin took max time to decimate :194529 microseconds
11041_697D325E_1_000001C7.bin took max time to decimate :190628 microseconds
11041_697D325E_3_000001C8.bin took max time to decimate :229576 microseconds
11041_697D325E_2_000001C9.bin took max time to decimate :213534 microseconds
11041_697D325E_1_000001CA.bin took max time to decimate :182407 microseconds
11041_697D325E_3_000001CB.bin took max time to decimate :209087 microseconds
11041_697D325E_3_000001CC.bin took max time to decimate :209490 microseconds
11041_697D325E_4_000001CD.bin took max time to decimate :1730265 microseconds
11041_697D325E_3_000001CE.bin took max time to decimate :200584 microseconds
11041_697D325E_3_000001CF.bin took max time to decimate :181834 microseconds
11041_697D325E_4_000001D0.bin took max time to decimate :221381 microseconds
11041_697D325E_4_000001D1.bin took max time to decimate :204439 microseconds
11041_697D325E_4_000001D2.bin took max time to decimate :187879 microseconds
11041_697D325E_0_000001D3.bin took max time to decimate :242288 microseconds
11041_697D325E_2_000001D4.bin took max time to decimate :246255 microseconds
11041_697D325E_4_000001D5.bin took max time to decimate :192219 microseconds
11041_697D325E_3_000001D6.bin took max time to decimate :216200 microseconds
11041_697D325E_2_000001D7.bin took max time to decimate :1723058 microseconds
11041_697D325E_3_000001D8.bin took max time to decimate :212531 microseconds
11041_697D325E_3_000001D9.bin took max time to decimate :211566 microseconds
11041_697D325E_3_000001DA.bin took max time to decimate :193893 microseconds
11041_697D325E_2_000001DB.bin took max time to decimate :221115 microseconds
11041_697D325E_2_000001DC.bin took max time to decimate :186179 microseconds
11041_697D325E_1_000001DD.bin took max time to decimate :243020 microseconds
11041_697D325E_1_000001DE.bin took max time to decimate :182866 microseconds
11041_697D325E_2_000001DF.bin took max time to decimate :225144 microseconds
11041_697D325E_1_000001E0.bin took max time to decimate :225729 microseconds
11041_697D325E_2_000001E1.bin took max time to decimate :1727778 microseconds
11041_697D325E_1_000001E2.bin took max time to decimate :196535 microseconds
11041_697D325E_2_000001E3.bin took max time to decimate :218240 microseconds
11041_697D325E_2_000001E4.bin took max time to decimate :196649 microseconds
11041_697D325E_1_000001E5.bin took max time to decimate :184982 microseconds
11041_697D325E_3_000001E6.bin took max time to decimate :220788 microseconds
11041_697D325E_4_000001E7.bin took max time to decimate :222137 microseconds
11041_697D325E_4_000001E8.bin took max time to decimate :187129 microseconds
11041_697D325E_4_000001E9.bin took max time to decimate :214642 microseconds
11041_697D325E_4_000001EA.bin took max time to decimate :193583 microseconds
11041_697D325E_3_000001EB.bin took max time to decimate :1722210 microseconds
11041_697D325E_1_000001EC.bin took max time to decimate :202208 microseconds
11041_697D325E_3_000001ED.bin took max time to decimate :229532 microseconds
11041_697D325E_2_000001EE.bin took max time to decimate :188697 microseconds
11041_697D325E_1_000001EF.bin took max time to decimate :185909 microseconds
11041_697D325E_1_000001F0.bin took max time to decimate :184912 microseconds
11041_697D325E_4_000001F1.bin took max time to decimate :232180 microseconds
11041_697D325E_2_000001F2.bin took max time to decimate :191090 microseconds
11041_697D325E_2_000001F3.bin took max time to decimate :193281 microseconds
11041_697D325E_2_000001F4.bin took max time to decimate :197766 microseconds
11041_697D325E_3_000001F5.bin took max time to decimate :1727826 microseconds
11041_697D325E_3_000001F6.bin took max time to decimate :191781 microseconds
11041_697D325E_2_000001F7.bin took max time to decimate :182736 microseconds
11041_697D325E_3_000001F8.bin took max time to decimate :181992 microseconds
11041_697D325E_4_000001F9.bin took max time to decimate :216528 microseconds
11041_697D325E_4_000001FA.bin took max time to decimate :194721 microseconds
11041_697D325E_4_000001FB.bin took max time to decimate :191420 microseconds
11041_697D325E_2_000001FC.bin took max time to decimate :255690 microseconds
11041_697D325E_3_000001FD.bin took max time to decimate :206806 microseconds
11041_697D325E_0_000001FE.bin took max time to decimate :243536 microseconds
11041_697D325E_2_000001FF.bin took max time to decimate :1724143 microseconds
11041_697D325E_1_00000200.bin took max time to decimate :197423 microseconds
11041_697D325E_2_00000201.bin took max time to decimate :254264 microseconds
11041_697D325E_2_00000202.bin took max time to decimate :186574 microseconds
11041_697D325E_2_00000203.bin took max time to decimate :214756 microseconds
11041_697D325E_3_00000204.bin took max time to decimate :217051 microseconds
11041_697D325E_2_00000205.bin took max time to decimate :193311 microseconds
11041_697D325E_3_00000206.bin took max time to decimate :208716 microseconds
11041_697D325E_1_00000207.bin took max time to decimate :244643 microseconds
11041_697D325E_1_00000208.bin took max time to decimate :241013 microseconds
11041_697D325E_1_00000209.bin took max time to decimate :1727614 microseconds
11041_697D325E_1_0000020A.bin took max time to decimate :189903 microseconds
11041_697D325E_1_0000020B.bin took max time to decimate :252820 microseconds
11041_697D325E_4_0000020C.bin took max time to decimate :203972 microseconds
11041_697D325E_2_0000020D.bin took max time to decimate :184655 microseconds
11041_697D325E_3_0000020E.bin took max time to decimate :232292 microseconds
11041_697D325E_2_0000020F.bin took max time to decimate :195480 microseconds
11041_697D325E_1_00000210.bin took max time to decimate :242366 microseconds
11041_697D325E_1_00000211.bin took max time to decimate :184705 microseconds
11041_697D325E_1_00000212.bin took max time to decimate :233885 microseconds
11041_697D325E_2_00000213.bin took max time to decimate :1720201 microseconds
11041_697D325E_3_00000214.bin took max time to decimate :193749 microseconds
11041_697D325E_2_00000215.bin took max time to decimate :247934 microseconds
11041_697D325E_3_00000216.bin took max time to decimate :251434 microseconds
11041_697D325E_4_00000217.bin took max time to decimate :226927 microseconds
11041_697D325E_4_00000218.bin took max time to decimate :191596 microseconds
11041_697D325E_2_00000219.bin took max time to decimate :192030 microseconds
11041_697D325E_3_0000021A.bin took max time to decimate :212234 microseconds
11041_697D325E_4_0000021B.bin took max time to decimate :256467 microseconds
11041_697D325E_1_0000021C.bin took max time to decimate :239946 microseconds
11041_697D325E_2_0000021D.bin took max time to decimate :1730015 microseconds
11041_697D325E_3_0000021E.bin took max time to decimate :207953 microseconds
11041_697D325E_1_0000021F.bin took max time to decimate :246626 microseconds
11041_697D325E_3_00000220.bin took max time to decimate :210659 microseconds
11041_697D325E_2_00000221.bin took max time to decimate :191191 microseconds
11041_697D325E_2_00000222.bin took max time to decimate :217521 microseconds
11041_697D325E_2_00000223.bin took max time to decimate :208057 microseconds
11041_697D325E_2_00000224.bin took max time to decimate :230707 microseconds
11041_697D325E_2_00000225.bin took max time to decimate :188915 microseconds
11041_697D325E_3_00000226.bin took max time to decimate :252551 microseconds
11041_697D325E_3_00000227.bin took max time to decimate :1723208 microseconds
11041_697D325E_0_00000228.bin took max time to decimate :188473 microseconds
11041_697D325E_4_00000229.bin took max time to decimate :206077 microseconds
11041_697D325E_1_0000022A.bin took max time to decimate :238691 microseconds
11041_697D325E_2_0000022B.bin took max time to decimate :212144 microseconds
11041_697D325E_3_0000022C.bin took max time to decimate :182790 microseconds
11041_697D325E_3_0000022D.bin took max time to decimate :190408 microseconds
11041_697D325E_3_0000022E.bin took max time to decimate :189846 microseconds
11041_697D325E_1_0000022F.bin took max time to decimate :237424 microseconds
11041_697D325E_2_00000230.bin took max time to decimate :186032 microseconds
11041_697D325E_3_00000231.bin took max time to decimate :1737212 microseconds
11041_697D325E_1_00000232.bin took max time to decimate :189410 microseconds
11041_697D325E_1_00000233.bin took max time to decimate :187512 microseconds
11041_697D325E_4_00000234.bin took max time to decimate :210732 microseconds
11041_697D325E_3_00000235.bin took max time to decimate :216376 microseconds
11041_697D325E_3_00000236.bin took max time to decimate :185126 microseconds
11041_697D325E_1_00000237.bin took max time to decimate :231768 microseconds
11041_697D325E_1_00000238.bin took max time to decimate :242218 microseconds
11041_697D325E_1_00000239.bin took max time to decimate :225226 microseconds
11041_697D325E_2_0000023A.bin took max time to decimate :213446 microseconds
11041_697D325E_4_0000023B.bin took max time to decimate :1732530 microseconds
11041_697D325E_1_0000023C.bin took max time to decimate :187648 microseconds
11041_697D325E_2_0000023D.bin took max time to decimate :244580 microseconds
11041_697D325E_4_0000023E.bin took max time to decimate :195006 microseconds
11041_697D325E_1_0000023F.bin took max time to decimate :244099 microseconds
11041_697D325E_1_00000240.bin took max time to decimate :183194 microseconds
11041_697D325E_4_00000241.bin took max time to decimate :220531 microseconds
11041_697D325E_4_00000242.bin took max time to decimate :197327 microseconds
11041_697D325E_4_00000243.bin took max time to decimate :190275 microseconds
11041_697D325E_4_00000244.bin took max time to decimate :194469 microseconds
11041_697D325E_1_00000245.bin took max time to decimate :1729948 microseconds
11041_697D325E_2_00000246.bin took max time to decimate :192584 microseconds
11041_697D325E_1_00000247.bin took max time to decimate :249450 microseconds
11041_697D325E_1_00000248.bin took max time to decimate :195894 microseconds
11041_697D325E_1_00000249.bin took max time to decimate :187903 microseconds
11041_697D325E_1_0000024A.bin took max time to decimate :199067 microseconds
11041_697D325E_4_0000024B.bin took max time to decimate :253680 microseconds
11041_697D325E_4_0000024C.bin took max time to decimate :227802 microseconds
11041_697D325E_2_0000024D.bin took max time to decimate :190029 microseconds
11041_697D325E_4_0000024E.bin took max time to decimate :188131 microseconds
11041_697D325E_1_0000024F.bin took max time to decimate :1725148 microseconds
11041_697D325E_1_00000250.bin took max time to decimate :190414 microseconds
11041_697D325E_1_00000251.bin took max time to decimate :191954 microseconds
11041_697D325E_1_00000252.bin took max time to decimate :197779 microseconds
11041_697D325E_2_00000253.bin took max time to decimate :203136 microseconds
11041_697D325E_2_00000254.bin took max time to decimate :188068 microseconds
11041_697D325E_2_00000255.bin took max time to decimate :251779 microseconds
11041_697D325E_3_00000256.bin took max time to decimate :209134 microseconds
11041_697D325E_4_00000257.bin took max time to decimate :209535 microseconds
11041_697D325E_4_00000258.bin took max time to decimate :209479 microseconds
11041_697D325E_1_00000259.bin took max time to decimate :1726049 microseconds
11041_697D325E_1_0000025A.bin took max time to decimate :194083 microseconds
11041_697D325E_4_0000025B.bin took max time to decimate :256753 microseconds
11041_697D325E_4_0000025C.bin took max time to decimate :182641 microseconds
11041_697D325E_4_0000025D.bin took max time to decimate :215955 microseconds
11041_697D325E_2_0000025E.bin took max time to decimate :187647 microseconds
11041_697D325E_2_0000025F.bin took max time to decimate :189480 microseconds
11041_697D325E_2_00000260.bin took max time to decimate :199455 microseconds
11041_697D325E_3_00000261.bin took max time to decimate :252958 microseconds
11041_697D325E_1_00000262.bin took max time to decimate :179639 microseconds
11041_697D325E_4_00000263.bin took max time to decimate :1734307 microseconds
11041_697D325E_3_00000264.bin took max time to decimate :194028 microseconds
11041_697D325E_3_00000265.bin took max time to decimate :189437 microseconds
11041_697D325E_3_00000266.bin took max time to decimate :213859 microseconds
11041_697D325E_2_00000267.bin took max time to decimate :238399 microseconds
11041_697D325E_2_00000268.bin took max time to decimate :192998 microseconds
11041_697D325E_4_00000269.bin took max time to decimate :221792 microseconds
11041_697D325E_4_0000026A.bin took max time to decimate :197940 microseconds
11041_697D325E_4_0000026B.bin took max time to decimate :190674 microseconds
11041_697D325E_3_0000026C.bin took max time to decimate :207186 microseconds
11041_697D325E_2_0000026D.bin took max time to decimate :1723765 microseconds
11041_697D325E_2_0000026E.bin took max time to decimate :197357 microseconds
11041_697D325E_2_0000026F.bin took max time to decimate :198992 microseconds
11041_697D325E_2_00000270.bin took max time to decimate :190292 microseconds
11041_697D325E_3_00000271.bin took max time to decimate :184809 microseconds
11041_697D325E_3_00000272.bin took max time to decimate :190846 microseconds
11041_697D325E_3_00000273.bin took max time to decimate :183851 microseconds
11041_697D325E_1_00000274.bin took max time to decimate :241811 microseconds
11041_697D325E_1_00000275.bin took max time to decimate :238940 microseconds
11041_697D325E_3_00000276.bin took max time to decimate :217628 microseconds
11041_697D325E_2_00000277.bin took max time to decimate :1721198 microseconds
11041_697D325E_4_00000278.bin took max time to decimate :188952 microseconds
11041_697D325E_3_00000279.bin took max time to decimate :217386 microseconds
11041_697D325E_2_0000027A.bin took max time to decimate :191662 microseconds
11041_697D325E_2_0000027B.bin took max time to decimate :230892 microseconds
11041_697D325E_3_0000027C.bin took max time to decimate :187289 microseconds
11041_697D325E_3_0000027D.bin took max time to decimate :186411 microseconds
11041_697D325E_3_0000027E.bin took max time to decimate :226685 microseconds
11041_697D325E_2_0000027F.bin took max time to decimate :231607 microseconds
11041_697D325E_4_00000280.bin took max time to decimate :187316 microseconds
11041_697D325E_3_00000281.bin took max time to decimate :1725526 microseconds
11041_697D325E_0_00000282.bin took max time to decimate :187940 microseconds
11041_697D325E_1_00000283.bin took max time to decimate :244708 microseconds
11041_697D325E_2_00000284.bin took max time to decimate :216085 microseconds
11041_697D325E_2_00000285.bin took max time to decimate :193728 microseconds
11041_697D325E_1_00000286.bin took max time to decimate :181880 microseconds
11041_697D325E_1_00000287.bin took max time to decimate :220958 microseconds
11041_697D325E_1_00000288.bin took max time to decimate :184997 microseconds
11041_697D325E_3_00000289.bin took max time to decimate :238093 microseconds
11041_697D325E_2_0000028A.bin took max time to decimate :192843 microseconds
11041_697D325E_1_0000028B.bin took max time to decimate :1726618 microseconds
11041_697D325E_3_0000028C.bin took max time to decimate :189828 microseconds
11041_697D325E_4_0000028D.bin took max time to decimate :214501 microseconds
11041_697D325E_3_0000028E.bin took max time to decimate :197311 microseconds
11041_697D325E_3_0000028F.bin took max time to decimate :194824 microseconds
11041_697D325E_3_00000290.bin took max time to decimate :223022 microseconds
11041_697D325E_3_00000291.bin took max time to decimate :186529 microseconds
11041_697D325E_1_00000292.bin took max time to decimate :239807 microseconds
11041_697D325E_4_00000293.bin took max time to decimate :219934 microseconds
11041_697D325E_4_00000294.bin took max time to decimate :194077 microseconds
11041_697D325E_0_00000295.bin took max time to decimate :1721290 microseconds
11041_697D325E_2_00000296.bin took max time to decimate :198775 microseconds
11041_697D325E_3_00000297.bin took max time to decimate :229872 microseconds
11041_697D325E_3_00000298.bin took max time to decimate :186184 microseconds
11041_697D325E_2_00000299.bin took max time to decimate :188538 microseconds
11041_697D325E_2_0000029A.bin took max time to decimate :181489 microseconds
11041_697D325E_2_0000029B.bin took max time to decimate :213931 microseconds
11041_697D325E_2_0000029C.bin took max time to decimate :232078 microseconds
11041_697D325E_2_0000029D.bin took max time to decimate :250209 microseconds
11041_697D325E_4_0000029E.bin took max time to decimate :208770 microseconds
11041_697D325E_1_0000029F.bin took max time to decimate :1718493 microseconds
11041_697D325E_2_000002A0.bin took max time to decimate :193371 microseconds
11041_697D325E_4_000002A1.bin took max time to decimate :237941 microseconds
11041_697D325E_2_000002A2.bin took max time to decimate :198492 microseconds
11041_697D325E_1_000002A3.bin took max time to decimate :245347 microseconds
11041_697D325E_2_000002A4.bin took max time to decimate :242226 microseconds
11041_697D325E_3_000002A5.bin took max time to decimate :194471 microseconds
11041_697D325E_2_000002A6.bin took max time to decimate :213227 microseconds
11041_697D325E_4_000002A7.bin took max time to decimate :210379 microseconds
11041_697D325E_2_000002A8.bin took max time to decimate :248897 microseconds
11041_697D325E_2_000002A9.bin took max time to decimate :1720678 microseconds
11041_697D325E_3_000002AA.bin took max time to decimate :196227 microseconds
11041_697D325E_4_000002AB.bin took max time to decimate :218639 microseconds
11041_697D325E_4_000002AC.bin took max time to decimate :192806 microseconds
11041_697D325E_4_000002AD.bin took max time to decimate :217380 microseconds
11041_697D325E_4_000002AE.bin took max time to decimate :201152 microseconds
11041_697D325E_4_000002AF.bin took max time to decimate :190450 microseconds
11041_697D325E_3_000002B0.bin took max time to decimate :203943 microseconds
11041_697D325E_2_000002B1.bin took max time to decimate :251557 microseconds
11041_697D325E_3_000002B2.bin took max time to decimate :216906 microseconds
11041_697D325E_1_000002B3.bin took max time to decimate :1716992 microseconds
11041_697D325E_2_000002B4.bin took max time to decimate :187256 microseconds
11041_697D325E_2_000002B5.bin took max time to decimate :186938 microseconds
11041_697D325E_4_000002B6.bin took max time to decimate :209259 microseconds
11041_697D325E_2_000002B7.bin took max time to decimate :193650 microseconds
11041_697D325E_2_000002B8.bin took max time to decimate :192792 microseconds
11041_697D325E_4_000002B9.bin took max time to decimate :234882 microseconds
11041_697D325E_2_000002BA.bin took max time to decimate :184825 microseconds
11041_697D325E_1_000002BB.bin took max time to decimate :255069 microseconds
11041_697D325E_4_000002BC.bin took max time to decimate :228192 microseconds
11041_697D325E_1_000002BD.bin took max time to decimate :1718761 microseconds
11041_697D325E_1_000002BE.bin took max time to decimate :198379 microseconds
11041_697D325E_2_000002BF.bin took max time to decimate :184314 microseconds
11041_697D325E_4_000002C0.bin took max time to decimate :219965 microseconds
11041_697D325E_0_000002C1.bin took max time to decimate :243173 microseconds
11041_697D325E_3_000002C2.bin took max time to decimate :242234 microseconds
11041_697D325E_4_000002C3.bin took max time to decimate :217109 microseconds
11041_697D325E_2_000002C4.bin took max time to decimate :229651 microseconds
11041_697D325E_4_000002C5.bin took max time to decimate :254791 microseconds
11041_697D325E_4_000002C6.bin took max time to decimate :190848 microseconds
11041_697D325E_4_000002C7.bin took max time to decimate :1730463 microseconds
11041_697D325E_1_000002C8.bin took max time to decimate :191820 microseconds
11041_697D325E_1_000002C9.bin took max time to decimate :191772 microseconds
11041_697D325E_1_000002CA.bin took max time to decimate :246779 microseconds
11041_697D325E_3_000002CB.bin took max time to decimate :244842 microseconds
11041_697D325E_3_000002CC.bin took max time to decimate :182435 microseconds
11041_697D325E_2_000002CD.bin took max time to decimate :189554 microseconds
11041_697D325E_2_000002CE.bin took max time to decimate :212111 microseconds
11041_697D325E_3_000002CF.bin took max time to decimate :252612 microseconds
11041_697D325E_2_000002D0.bin took max time to decimate :231844 microseconds
11041_697D325E_2_000002D1.bin took max time to decimate :1723176 microseconds
11041_697D325E_3_000002D2.bin took max time to decimate :189177 microseconds
11041_697D325E_2_000002D3.bin took max time to decimate :257673 microseconds
11041_697D325E_2_000002D4.bin took max time to decimate :184839 microseconds
11041_697D325E_1_000002D5.bin took max time to decimate :240244 microseconds
11041_697D325E_1_000002D6.bin took max time to decimate :205239 microseconds
11041_697D325E_1_000002D7.bin took max time to decimate :189764 microseconds
11041_697D325E_2_000002D8.bin took max time to decimate :251477 microseconds
11041_697D325E_2_000002D9.bin took max time to decimate :191051 microseconds
11041_697D325E_2_000002DA.bin took max time to decimate :214233 microseconds
11041_697D325E_0_000002DB.bin took max time to decimate :1719210 microseconds
11041_697D325E_1_000002DC.bin took max time to decimate :204890 microseconds
11041_697D325E_1_000002DD.bin took max time to decimate :186910 microseconds
11041_697D325E_2_000002DE.bin took max time to decimate :249633 microseconds
11041_697D325E_1_000002DF.bin took max time to decimate :185347 microseconds
11041_697D325E_1_000002E0.bin took max time to decimate :181875 microseconds
11041_697D325E_4_000002E1.bin took max time to decimate :213521 microseconds
11041_697D325E_3_000002E2.bin took max time to decimate :226095 microseconds
11041_697D325E_4_000002E3.bin took max time to decimate :220083 microseconds
11041_697D325E_2_000002E4.bin took max time to decimate :212009 microseconds
11041_697D325E_4_000002E5.bin took max time to decimate :1728511 microseconds
11041_697D325E_2_000002E6.bin took max time to decimate :190937 microseconds
11041_697D325E_2_000002E7.bin took max time to decimate :219825 microseconds
11041_697D325E_2_000002E8.bin took max time to decimate :198512 microseconds
11041_697D325E_2_000002E9.bin took max time to decimate :214492 microseconds
11041_697D325E_2_000002EA.bin took max time to decimate :254468 microseconds
11041_697D325E_2_000002EB.bin took max time to decimate :184741 microseconds
11041_697D325E_1_000002EC.bin took max time to decimate :247033 microseconds
11041_697D325E_3_000002ED.bin took max time to decimate :190894 microseconds
11041_697D325E_1_000002EE.bin took max time to decimate :215936 microseconds
11041_697D325E_3_000002EF.bin took max time to decimate :1731943 microseconds
11041_697D325E_2_000002F0.bin took max time to decimate :202650 microseconds
11041_697D325E_1_000002F1.bin took max time to decimate :188405 microseconds
11041_697D325E_3_000002F2.bin took max time to decimate :223412 microseconds
11041_697D325E_2_000002F3.bin took max time to decimate :251398 microseconds
11041_697D325E_2_000002F4.bin took max time to decimate :186433 microseconds
11041_697D325E_4_000002F5.bin took max time to decimate :240509 microseconds
11041_697D325E_3_000002F6.bin took max time to decimate :214209 microseconds
11041_697D325E_2_000002F7.bin took max time to decimate :181897 microseconds
11041_697D325E_2_000002F8.bin took max time to decimate :202433 microseconds
11041_697D325E_3_000002F9.bin took max time to decimate :1729528 microseconds
11041_697D325E_3_000002FA.bin took max time to decimate :197843 microseconds
11041_697D325E_4_000002FB.bin took max time to decimate :213466 microseconds
11041_697D325E_3_000002FC.bin took max time to decimate :202665 microseconds
11041_697D325E_3_000002FD.bin took max time to decimate :183328 microseconds
11041_697D325E_3_000002FE.bin took max time to decimate :251009 microseconds
11041_697D325E_1_000002FF.bin took max time to decimate :183789 microseconds
11041_697D325E_1_00000300.bin took max time to decimate :182581 microseconds
11041_697D325E_4_00000301.bin took max time to decimate :228182 microseconds
11041_697D325E_1_00000302.bin took max time to decimate :183441 microseconds
11041_697D325E_3_00000303.bin took max time to decimate :1726645 microseconds
11041_697D325E_1_00000304.bin took max time to decimate :196750 microseconds
11041_697D325E_1_00000305.bin took max time to decimate :190416 microseconds
11041_697D325E_4_00000306.bin took max time to decimate :219995 microseconds
11041_697D325E_4_00000307.bin took max time to decimate :214382 microseconds
11041_697D325E_4_00000308.bin took max time to decimate :186534 microseconds
11041_697D325E_4_00000309.bin took max time to decimate :223716 microseconds
11041_697D325E_4_0000030A.bin took max time to decimate :192674 microseconds
11041_697D325E_3_0000030B.bin took max time to decimate :243876 microseconds
11041_697D325E_3_0000030C.bin took max time to decimate :189754 microseconds
11041_697D325E_4_0000030D.bin took max time to decimate :1733742 microseconds
11041_697D325E_2_0000030E.bin took max time to decimate :202574 microseconds
11041_697D325E_2_0000030F.bin took max time to decimate :184023 microseconds
11041_697D325E_3_00000310.bin took max time to decimate :205837 microseconds
11041_697D325E_2_00000311.bin took max time to decimate :246801 microseconds
11041_697D325E_3_00000312.bin took max time to decimate :213176 microseconds
11041_697D325E_2_00000313.bin took max time to decimate :213582 microseconds
11041_697D325E_3_00000314.bin took max time to decimate :219223 microseconds
11041_697D325E_4_00000315.bin took max time to decimate :186060 microseconds
11041_697D325E_4_00000316.bin took max time to decimate :222799 microseconds
11041_697D325E_2_00000317.bin took max time to decimate :1717656 microseconds
11041_697D325E_1_00000318.bin took max time to decimate :185631 microseconds
11041_697D325E_2_00000319.bin took max time to decimate :186942 microseconds
11041_697D325E_2_0000031A.bin took max time to decimate :193748 microseconds
11041_697D325E_2_0000031B.bin took max time to decimate :250607 microseconds
11041_697D325E_2_0000031C.bin took max time to decimate :246580 microseconds
11041_697D325E_2_0000031D.bin took max time to decimate :185466 microseconds
11041_697D325E_1_0000031E.bin took max time to decimate :246594 microseconds
11041_697D325E_1_0000031F.bin took max time to decimate :218891 microseconds
11041_697D325E_4_00000320.bin took max time to decimate :250833 microseconds
11041_697D325E_1_00000321.bin took max time to decimate :1726792 microseconds
11041_697D325E_1_00000322.bin took max time to decimate :184507 microseconds
11041_697D325E_4_00000323.bin took max time to decimate :261658 microseconds
11041_697D325E_4_00000324.bin took max time to decimate :187142 microseconds
11041_697D325E_4_00000325.bin took max time to decimate :181929 microseconds
11041_697D325E_2_00000326.bin took max time to decimate :193402 microseconds
11041_697D325E_2_00000327.bin took max time to decimate :189622 microseconds
11041_697D325E_2_00000328.bin took max time to decimate :183332 microseconds
11041_697D325E_3_00000329.bin took max time to decimate :232669 microseconds
11041_697D325E_2_0000032A.bin took max time to decimate :196741 microseconds
11041_697D325E_0_0000032B.bin took max time to decimate :1729055 microseconds
11041_697D325E_1_0000032C.bin took max time to decimate :193102 microseconds
11041_697D325E_1_0000032D.bin took max time to decimate :188987 microseconds
11041_697D325E_3_0000032E.bin took max time to decimate :212078 microseconds
11041_697D325E_1_0000032F.bin took max time to decimate :239798 microseconds
11041_697D325E_2_00000330.bin took max time to decimate :190434 microseconds
11041_697D325E_1_00000331.bin took max time to decimate :183024 microseconds
11041_697D325E_3_00000332.bin took max time to decimate :181315 microseconds
11041_697D325E_1_00000333.bin took max time to decimate :180845 microseconds
11041_697D325E_2_00000334.bin took max time to decimate :254680 microseconds
11041_697D325E_0_00000335.bin took max time to decimate :1721160 microseconds
11041_697D325E_2_00000336.bin took max time to decimate :194708 microseconds
11041_697D325E_1_00000337.bin took max time to decimate :237234 microseconds
11041_697D325E_3_00000338.bin took max time to decimate :254016 microseconds
11041_697D325E_3_00000339.bin took max time to decimate :181536 microseconds
11041_697D325E_4_0000033A.bin took max time to decimate :219493 microseconds
11041_697D325E_4_0000033B.bin took max time to decimate :182532 microseconds
11041_697D325E_2_0000033C.bin took max time to decimate :209108 microseconds
11041_697D325E_3_0000033D.bin took max time to decimate :208463 microseconds
11041_697D325E_4_0000033E.bin took max time to decimate :211532 microseconds
11041_697D325E_2_0000033F.bin took max time to decimate :1728692 microseconds
11041_697D325E_3_00000340.bin took max time to decimate :193872 microseconds
11041_697D325E_4_00000341.bin took max time to decimate :223280 microseconds
11041_697D325E_2_00000342.bin took max time to decimate :218788 microseconds
11041_697D325E_4_00000343.bin took max time to decimate :225427 microseconds
11041_697D325E_2_00000344.bin took max time to decimate :235144 microseconds
11041_697D325E_2_00000345.bin took max time to decimate :238392 microseconds
11041_697D325E_3_00000346.bin took max time to decimate :214252 microseconds
11041_697D325E_2_00000347.bin took max time to decimate :186843 microseconds
11041_697D325E_1_00000348.bin took max time to decimate :227969 microseconds
11041_697D325E_2_00000349.bin took max time to decimate :1719158 microseconds
11041_697D325E_3_0000034A.bin took max time to decimate :196549 microseconds
11041_697D325E_2_0000034B.bin took max time to decimate :181940 microseconds
11041_697D325E_3_0000034C.bin took max time to decimate :190025 microseconds
11041_697D325E_2_0000034D.bin took max time to decimate :235228 microseconds
11041_697D325E_1_0000034E.bin took max time to decimate :186889 microseconds
11041_697D325E_2_0000034F.bin took max time to decimate :217272 microseconds
11041_697D325E_4_00000350.bin took max time to decimate :220021 microseconds
11041_697D325E_3_00000351.bin took max time to decimate :199130 microseconds
11041_697D325E_1_00000352.bin took max time to decimate :188214 microseconds
11041_697D325E_4_00000353.bin took max time to decimate :1734549 microseconds
11041_697D325E_2_00000354.bin took max time to decimate :196431 microseconds
11041_697D325E_2_00000355.bin took max time to decimate :185626 microseconds
11041_697D325E_1_00000356.bin took max time to decimate :183499 microseconds
11041_697D325E_1_00000357.bin took max time to decimate :185114 microseconds
11041_697D325E_4_00000358.bin took max time to decimate :229106 microseconds
11041_697D325E_2_00000359.bin took max time to decimate :217579 microseconds
11041_697D325E_2_0000035A.bin took max time to decimate :214022 microseconds
11041_697D325E_4_0000035B.bin took max time to decimate :217309 microseconds
11041_697D325E_3_0000035C.bin took max time to decimate :186599 microseconds
11041_697D325E_3_0000035D.bin took max time to decimate :1730221 microseconds
11041_697D325E_4_0000035E.bin took max time to decimate :202686 microseconds
11041_697D325E_2_0000035F.bin took max time to decimate :212319 microseconds
11041_697D325E_3_00000360.bin took max time to decimate :196984 microseconds
11041_697D325E_4_00000361.bin took max time to decimate :211847 microseconds
11041_697D325E_2_00000362.bin took max time to decimate :185503 microseconds
11041_697D325E_1_00000363.bin took max time to decimate :182040 microseconds
11041_697D325E_1_00000364.bin took max time to decimate :187767 microseconds
11041_697D325E_1_00000365.bin took max time to decimate :195211 microseconds
11041_697D325E_4_00000366.bin took max time to decimate :209808 microseconds
11041_697D325E_3_00000367.bin took max time to decimate :1724772 microseconds
11041_697D325E_3_00000368.bin took max time to decimate :198120 microseconds
11041_697D325E_1_00000369.bin took max time to decimate :185905 microseconds
11041_697D325E_3_0000036A.bin took max time to decimate :226845 microseconds
11041_697D325E_4_0000036B.bin took max time to decimate :251934 microseconds
11041_697D325E_2_0000036C.bin took max time to decimate :194526 microseconds
11041_697D325E_4_0000036D.bin took max time to decimate :229158 microseconds
11041_697D325E_4_0000036E.bin took max time to decimate :210353 microseconds
11041_697D325E_3_0000036F.bin took max time to decimate :184631 microseconds
11041_697D325E_4_00000370.bin took max time to decimate :257199 microseconds
11041_697D325E_3_00000371.bin took max time to decimate :1733965 microseconds
11041_697D325E_1_00000372.bin took max time to decimate :190877 microseconds
11041_697D325E_3_00000373.bin took max time to decimate :206730 microseconds
11041_697D325E_2_00000374.bin took max time to decimate :186421 microseconds
11041_697D325E_4_00000375.bin took max time to decimate :204387 microseconds
11041_697D325E_2_00000376.bin took max time to decimate :190087 microseconds
11041_697D325E_1_00000377.bin took max time to decimate :241187 microseconds
11041_697D325E_4_00000378.bin took max time to decimate :215550 microseconds
11041_697D325E_4_00000379.bin took max time to decimate :191946 microseconds
11041_697D325E_3_0000037A.bin took max time to decimate :251566 microseconds
11041_697D325E_1_0000037B.bin took max time to decimate :1722286 microseconds
11041_697D325E_2_0000037C.bin took max time to decimate :199084 microseconds
11041_697D325E_1_0000037D.bin took max time to decimate :185848 microseconds
11041_697D325E_1_0000037E.bin took max time to decimate :193164 microseconds
11041_697D325E_4_0000037F.bin took max time to decimate :207040 microseconds
11041_697D325E_3_00000380.bin took max time to decimate :202285 microseconds
11041_697D325E_2_00000381.bin took max time to decimate :179892 microseconds
11041_697D325E_3_00000382.bin took max time to decimate :252961 microseconds
11041_697D325E_3_00000383.bin took max time to decimate :222319 microseconds
11041_697D325E_3_00000384.bin took max time to decimate :189112 microseconds
11041_697D325E_2_00000385.bin took max time to decimate :1720400 microseconds
11041_697D325E_1_00000386.bin took max time to decimate :197961 microseconds
11041_697D325E_1_00000387.bin took max time to decimate :183163 microseconds
11041_697D325E_1_00000388.bin took max time to decimate :240580 microseconds
11041_697D325E_3_00000389.bin took max time to decimate :203624 microseconds
11041_697D325E_2_0000038A.bin took max time to decimate :250395 microseconds
11041_697D325E_1_0000038B.bin took max time to decimate :181039 microseconds
11041_697D325E_2_0000038C.bin took max time to decimate :188663 microseconds
11041_697D325E_3_0000038D.bin took max time to decimate :210067 microseconds
11041_697D325E_3_0000038E.bin took max time to decimate :216664 microseconds
11041_697D325E_3_0000038F.bin took max time to decimate :1722390 microseconds
11041_697D325E_3_00000390.bin took max time to decimate :206619 microseconds
11041_697D325E_3_00000391.bin took max time to decimate :188182 microseconds
11041_697D325E_3_00000392.bin took max time to decimate :217392 microseconds
11041_697D325E_3_00000393.bin took max time to decimate :194792 microseconds
11041_697D325E_2_00000394.bin took max time to decimate :243232 microseconds
11041_697D325E_2_00000395.bin took max time to decimate :189438 microseconds
11041_697D325E_1_00000396.bin took max time to decimate :247645 microseconds
11041_697D325E_2_00000397.bin took max time to decimate :182120 microseconds
11041_697D325E_2_00000398.bin took max time to decimate :180881 microseconds
11041_697D325E_1_00000399.bin took max time to decimate :1725864 microseconds
11041_697D325E_2_0000039A.bin took max time to decimate :197148 microseconds
11041_697D325E_1_0000039B.bin took max time to decimate :188606 microseconds
11041_697D325E_1_0000039C.bin took max time to decimate :188208 microseconds
11041_697D325E_2_0000039D.bin took max time to decimate :190464 microseconds
11041_697D325E_1_0000039E.bin took max time to decimate :242489 microseconds
11041_697D325E_2_0000039F.bin took max time to decimate :213174 microseconds
11041_697D325E_3_000003A0.bin took max time to decimate :219813 microseconds
11041_697D325E_2_000003A1.bin took max time to decimate :245864 microseconds
11041_697D325E_4_000003A2.bin took max time to decimate :210229 microseconds
11041_697D325E_3_000003A3.bin took max time to decimate :1728517 microseconds
11041_697D325E_1_000003A4.bin took max time to decimate :192543 microseconds
11041_697D325E_1_000003A5.bin took max time to decimate :183837 microseconds
11041_697D325E_1_000003A6.bin took max time to decimate :190552 microseconds
11041_697D325E_1_000003A7.bin took max time to decimate :188269 microseconds
11041_697D325E_3_000003A8.bin took max time to decimate :250680 microseconds
11041_697D325E_3_000003A9.bin took max time to decimate :199901 microseconds
11041_697D325E_1_000003AA.bin took max time to decimate :237509 microseconds
11041_697D325E_2_000003AB.bin took max time to decimate :188297 microseconds
11041_697D325E_2_000003AC.bin took max time to decimate :196825 microseconds
11041_697D325E_2_000003AD.bin took max time to decimate :1726743 microseconds
11041_697D325E_1_000003AE.bin took max time to decimate :193378 microseconds
11041_697D325E_2_000003AF.bin took max time to decimate :250866 microseconds
11041_697D325E_1_000003B0.bin took max time to decimate :247489 microseconds
11041_697D325E_1_000003B1.bin took max time to decimate :193010 microseconds
11041_697D325E_3_000003B2.bin took max time to decimate :198400 microseconds
11041_697D325E_3_000003B3.bin took max time to decimate :256206 microseconds
11041_697D325E_4_000003B4.bin took max time to decimate :249693 microseconds
11041_697D325E_1_000003B5.bin took max time to decimate :178900 microseconds
11041_697D325E_1_000003B6.bin took max time to decimate :250305 microseconds
11041_697D325E_1_000003B7.bin took max time to decimate :1723635 microseconds
11041_697D325E_2_000003B8.bin took max time to decimate :201170 microseconds
11041_697D325E_3_000003B9.bin took max time to decimate :246604 microseconds
11041_697D325E_2_000003BA.bin took max time to decimate :222450 microseconds
11041_697D325E_2_000003BB.bin took max time to decimate :246492 microseconds
11041_697D325E_2_000003BC.bin took max time to decimate :208022 microseconds
11041_697D325E_3_000003BD.bin took max time to decimate :200186 microseconds
11041_697D325E_1_000003BE.bin took max time to decimate :193426 microseconds
11041_697D325E_3_000003BF.bin took max time to decimate :220144 microseconds
11041_697D325E_4_000003C0.bin took max time to decimate :210290 microseconds
11041_697D325E_4_000003C1.bin took max time to decimate :1729994 microseconds
11041_697D325E_3_000003C2.bin took max time to decimate :227573 microseconds
11041_697D325E_2_000003C3.bin took max time to decimate :247608 microseconds
11041_697D325E_2_000003C4.bin took max time to decimate :195826 microseconds
11041_697D325E_2_000003C5.bin took max time to decimate :194428 microseconds
11041_697D325E_2_000003C6.bin took max time to decimate :195360 microseconds
11041_697D325E_4_000003C7.bin took max time to decimate :222368 microseconds
11041_697D325E_2_000003C8.bin took max time to decimate :230607 microseconds
11041_697D325E_1_000003C9.bin took max time to decimate :190497 microseconds
11041_697D325E_1_000003CA.bin took max time to decimate :202221 microseconds
11041_697D325E_3_000003CB.bin took max time to decimate :1738870 microseconds
11041_697D325E_2_000003CC.bin took max time to decimate :197281 microseconds
11041_697D325E_3_000003CD.bin took max time to decimate :230897 microseconds
11041_697D325E_3_000003CE.bin took max time to decimate :190117 microseconds
11041_697D325E_4_000003CF.bin took max time to decimate :231787 microseconds
11041_697D325E_3_000003D0.bin took max time to decimate :212920 microseconds
11041_697D325E_1_000003D1.bin took max time to decimate :206788 microseconds
11041_697D325E_3_000003D2.bin took max time to decimate :203352 microseconds
11041_697D325E_1_000003D3.bin took max time to decimate :251314 microseconds
11041_697D325E_4_000003D4.bin took max time to decimate :216485 microseconds
11041_697D325E_3_000003D5.bin took max time to decimate :1741077 microseconds
11041_697D325E_3_000003D6.bin took max time to decimate :193497 microseconds
11041_697D325E_2_000003D7.bin took max time to decimate :212548 microseconds
11041_697D325E_4_000003D8.bin took max time to decimate :196326 microseconds
11041_697D325E_2_000003D9.bin took max time to decimate :219297 microseconds
11041_697D325E_4_000003DA.bin took max time to decimate :190656 microseconds
11041_697D325E_2_000003DB.bin took max time to decimate :187213 microseconds
11041_697D325E_4_000003DC.bin took max time to decimate :201405 microseconds
11041_697D325E_4_000003DD.bin took max time to decimate :201212 microseconds
11041_697D325E_1_000003DE.bin took max time to decimate :239508 microseconds
11041_697D325E_1_000003DF.bin took max time to decimate :1733538 microseconds
11041_697D325E_3_000003E0.bin took max time to decimate :200909 microseconds
11041_697D325E_2_000003E1.bin took max time to decimate :249733 microseconds
11041_697D325E_2_000003E2.bin took max time to decimate :193935 microseconds
11041_697D325E_4_000003E3.bin took max time to decimate :255773 microseconds
11041_697D325E_2_000003E4.bin took max time to decimate :212437 microseconds
11041_697D325E_3_000003E5.bin took max time to decimate :197265 microseconds
11041_697D325E_4_000003E6.bin took max time to decimate :223514 microseconds
11041_697D325E_3_000003E7.bin took max time to decimate :212730 microseconds
11041_697D325E_4_000003E8.bin took max time to decimate :220338 microseconds
11041_697D325E_2_000003E9.bin took max time to decimate :1739046 microseconds
11041_697D325E_2_000003EA.bin took max time to decimate :205471 microseconds
11041_697D325E_1_000003EB.bin took max time to decimate :247925 microseconds
11041_697D325E_1_000003EC.bin took max time to decimate :183237 microseconds
11041_697D325E_3_000003ED.bin took max time to decimate :218244 microseconds
11041_697D325E_1_000003EE.bin took max time to decimate :239494 microseconds
11041_697D325E_4_000003EF.bin took max time to decimate :216533 microseconds
11041_697D325E_1_000003F0.bin took max time to decimate :188557 microseconds
11041_697D325E_4_000003F1.bin took max time to decimate :208146 microseconds
11041_697D325E_2_000003F2.bin took max time to decimate :198593 microseconds
11041_697D325E_3_000003F3.bin took max time to decimate :1741565 microseconds
11041_697D325E_1_000003F4.bin took max time to decimate :190474 microseconds
11041_697D325E_4_000003F5.bin took max time to decimate :258265 microseconds
11041_697D325E_2_000003F6.bin took max time to decimate :189943 microseconds
11041_697D325E_1_000003F7.bin took max time to decimate :188617 microseconds
11041_697D325E_1_000003F8.bin took max time to decimate :186551 microseconds
11041_697D325E_3_000003F9.bin took max time to decimate :244597 microseconds
11041_697D325E_3_000003FA.bin took max time to decimate :222501 microseconds
11041_697D325E_1_000003FB.bin took max time to decimate :183496 microseconds
11041_697D325E_2_000003FC.bin took max time to decimate :206442 microseconds
11041_697D325E_3_000003FD.bin took max time to decimate :1725854 microseconds
11041_697D325E_4_000003FE.bin took max time to decimate :189299 microseconds
11041_697D325E_4_000003FF.bin took max time to decimate :213263 microseconds
11041_697D325E_2_00000400.bin took max time to decimate :217644 microseconds
11041_697D325E_2_00000401.bin took max time to decimate :189818 microseconds
11041_697D325E_4_00000402.bin took max time to decimate :228507 microseconds
11041_697D325E_4_00000403.bin took max time to decimate :191615 microseconds
11041_697D325E_3_00000404.bin took max time to decimate :255129 microseconds
11041_697D325E_1_00000405.bin took max time to decimate :185415 microseconds
11041_697D325E_1_00000406.bin took max time to decimate :204345 microseconds
11041_697D325E_2_00000407.bin took max time to decimate :1730507 microseconds
11041_697D325E_1_00000408.bin took max time to decimate :192793 microseconds
11041_697D325E_4_00000409.bin took max time to decimate :220383 microseconds
11041_697D325E_4_0000040A.bin took max time to decimate :187340 microseconds
11041_697D325E_1_0000040B.bin took max time to decimate :229498 microseconds
11041_697D325E_4_0000040C.bin took max time to decimate :186857 microseconds
11041_697D325E_4_0000040D.bin took max time to decimate :220987 microseconds
11041_697D325E_1_0000040E.bin took max time to decimate :243367 microseconds
11041_697D325E_1_0000040F.bin took max time to decimate :188583 microseconds
11041_697D325E_2_00000410.bin took max time to decimate :249520 microseconds
11041_697D325E_1_00000411.bin took max time to decimate :1721763 microseconds
11041_697D325E_3_00000412.bin took max time to decimate :196590 microseconds
11041_697D325E_3_00000413.bin took max time to decimate :190306 microseconds
11041_697D325E_1_00000414.bin took max time to decimate :229326 microseconds
11041_697D325E_1_00000415.bin took max time to decimate :183402 microseconds
11041_697D325E_1_00000416.bin took max time to decimate :251839 microseconds
11041_697D325E_1_00000417.bin took max time to decimate :209753 microseconds
11041_697D325E_2_00000418.bin took max time to decimate :192216 microseconds
11041_697D325E_4_00000419.bin took max time to decimate :207377 microseconds
11041_697D325E_3_0000041A.bin took max time to decimate :214435 microseconds
11041_697D325E_2_0000041B.bin took max time to decimate :1718552 microseconds
11041_697D325E_1_0000041C.bin took max time to decimate :193313 microseconds
11041_697D325E_4_0000041D.bin took max time to decimate :225425 microseconds
11041_697D325E_4_0000041E.bin took max time to decimate :188649 microseconds
11041_697D325E_3_0000041F.bin took max time to decimate :218144 microseconds
11041_697D325E_2_00000420.bin took max time to decimate :201398 microseconds
11041_697D325E_2_00000421.bin took max time to decimate :195389 microseconds
11041_697D325E_1_00000422.bin took max time to decimate :226776 microseconds
11041_697D325E_1_00000423.bin took max time to decimate :189202 microseconds
11041_697D325E_1_00000424.bin took max time to decimate :245097 microseconds
11041_697D325E_0_00000425.bin took max time to decimate :1625559 microseconds
cat stats returned non-zero [256]
