Dec 13 17:20:24 mtu8-11041 backend[877]: Initiating messenger
Dec 13 17:20:24 mtu8-11041 backend[877]: 
    ``                                                                     `   
   `````                                                                 ````  
   ``````                            ````                              ``````  
   ````````                  ````````  `````                        `````````  
     ```````                  `````````````````                   ```````````  
        ``````                         ````````                 `````````      
  ````     ````                           ````                ```````     ``   
  ````````   ```                           ```             ``````    ```````   
  ````````````   ```                       ```             ``   ```````````    
         ``````  ```````                 ````        ````  ```````````````     
    `````        ````````````         `````     ````````  `````                
    ```````````` ```````````````  ```````` ````````````  ```````````````       
     ````          `````````   `````````  ````````````   ``````````````        
          ````````  ``````  ``````````  ````````````   `````                   
        `````````     ``  ``````````  ````````````    `````````````            
         `````    ````  ```````````  `````````    `````    ``````              
                `````` ```````````  ````      ``  ```````                      
              ```````  ``````````      ```  `````   ```````                    
                      ```````````  ```````  ``````    ``                       
                      ```````````  ```````  ```````                            
                       ``````````       ``                                     
                       ```````````                                             
                        ``````````                                             
                         ``````````                                            
                           `````````                                           
                            ````````                                           
                                ```                                            
                                  `                                            
                  P H O E N I X        G E O P H Y S I C S                     
                                2 0 1 3                                        
                                                                               
                                                     v2.45.0.2                                 
                                  11041
Dec 13 17:20:24 mtu8-11041 backend[877]: Panel Map loaded, discovery mode: 1
Dec 13 17:20:24 mtu8-11041 backend[877]: Mapped device @ [1-1.2], enum <8>, to channel index <0>
Dec 13 17:20:24 mtu8-11041 backend[877]: {1}<3> CLEARED: Missing channels
Dec 13 17:20:24 mtu8-11041 backend[877]: Timing Module Hardware: BTM02-A
Dec 13 17:20:25 mtu8-11041 backend[877]: Timing Module Firmware: 00051903X
Dec 13 17:20:25 mtu8-11041 backend[877]: Timing Module Bootloader version: 00000016
Dec 13 17:20:26 mtu8-11041 backend[877]: Timing Module CPLD: 236B
Dec 13 17:20:26 mtu8-11041 backend[877]: Timing Module Serial: 033F40
Dec 13 17:20:27 mtu8-11041 backend[877]: {2}<3> CLEARED: Missing timing module
Dec 13 17:20:27 mtu8-11041 backend[877]: Mapped device @ [1-1.4], enum <9>, to channel index <1>
Dec 13 17:20:27 mtu8-11041 backend[877]: Mapped device @ [2-1.2.2], enum <9>, to channel index <3>
Dec 13 17:20:27 mtu8-11041 backend[877]: Mapped device @ [1-1.5], enum <10>, to channel index <2>
Dec 13 17:20:27 mtu8-11041 backend[877]: Mapped device @ [2-1.2.4], enum <10>, to channel index <4>
Dec 13 17:20:27 mtu8-11041 backend[877]: {5}<3> CLEARED: Hardware not initialized yet
Dec 13 17:20:27 mtu8-11041 backend[877]: Mapped channel DATA @ enum <10>, to channel index <4>
Dec 13 17:20:27 mtu8-11041 backend[877]: Mapped channel DATA @ enum <9>, to channel index <3>
Dec 13 17:20:27 mtu8-11041 backend[877]: Mapped channel DATA @ enum <10>, to channel index <2>
Dec 13 17:20:27 mtu8-11041 backend[877]: Mapped channel DATA @ enum <9>, to channel index <1>
Dec 13 17:20:27 mtu8-11041 backend[877]: Mapped channel DATA @ enum <8>, to channel index <0>
Dec 13 17:20:27 mtu8-11041 backend[877]: Discovered Channel module at 8
Dec 13 17:20:27 mtu8-11041 backend[877]: Discovered Timing module at 8
Dec 13 17:20:27 mtu8-11041 backend[877]: Discovered Channel module at 9
Dec 13 17:20:27 mtu8-11041 backend[877]: Discovered Channel module at 9
Dec 13 17:20:27 mtu8-11041 backend[877]: Discovered Channel module at 10
Dec 13 17:20:27 mtu8-11041 backend[877]: Discovered Channel module at 10
Dec 13 17:20:27 mtu8-11041 backend[877]: Discovered motherboard at 11
Dec 13 17:20:27 mtu8-11041 backend[877]: Backplane Hardware: BMB02-A
Dec 13 17:20:27 mtu8-11041 backend[877]: Backplane Firmware: 00010039X
Dec 13 17:20:27 mtu8-11041 backend[877]: Backplane Serial: 033DED
Dec 13 17:20:27 mtu8-11041 backend[877]: Backplane Bootloader version: 00000016
Dec 13 17:20:28 mtu8-11041 backend[877]: Timing Module Hardware: BTM02-A
Dec 13 17:20:28 mtu8-11041 backend[877]: {37}<0> SD card ready
Dec 13 17:20:28 mtu8-11041 backend[877]: GNSS object found in config file, GPS - 1, BeiDou - 0, GLONASS -0, Galileo - 0, QZSS - 1, SBAS - 0
Dec 13 17:20:28 mtu8-11041 backend[877]: Configuration loaded with 0 scheduled tasks
Dec 13 17:20:28 mtu8-11041 backend[877]: Channel Module #0 Serial #: 033ABC
Dec 13 17:20:28 mtu8-11041 backend[877]: Channel Module #0 Firmware: 0001001FX
Dec 13 17:20:28 mtu8-11041 backend[877]: Ch H2 [0]: Setting config for sensor type: MTC-155
Dec 13 17:20:28 mtu8-11041 backend[877]: Ch0: Setting dac: 8000
Dec 13 17:20:28 mtu8-11041 backend[877]: Chanel Module #0 Hardware: BCM05-B
Dec 13 17:20:28 mtu8-11041 backend[877]: Sensor @ channel #0 switched to BMT mode
Dec 13 17:20:28 mtu8-11041 backend[877]: Ch0: Setting dac: 8000
Dec 13 17:20:28 mtu8-11041 backend[877]: Channel module Bootloader version: 00000016
Dec 13 17:20:29 mtu8-11041 backend[877]: Channel Module #1 Serial #: 033AB9
Dec 13 17:20:29 mtu8-11041 backend[877]: Channel Module #1 Firmware: 0001001FX
Dec 13 17:20:29 mtu8-11041 backend[877]: Chanel Module #1 Hardware: BCM05-B
Dec 13 17:20:29 mtu8-11041 backend[877]: Channel module Bootloader version: 00000016
Dec 13 17:20:29 mtu8-11041 backend[877]: Ch1: Setting dac: 8000
Dec 13 17:20:29 mtu8-11041 backend[877]: Ch H1 [2]: Setting config for sensor type: MTC-155
Dec 13 17:20:29 mtu8-11041 backend[877]: Ch2: Setting dac: 8000
Dec 13 17:20:29 mtu8-11041 backend[877]: Channel Module #2 Serial #: 033AAB
Dec 13 17:20:29 mtu8-11041 backend[877]: Channel Module #2 Firmware: 0001001FX
Dec 13 17:20:29 mtu8-11041 backend[877]: Chanel Module #2 Hardware: BCM05-B
Dec 13 17:20:29 mtu8-11041 backend[877]: Channel module Bootloader version: 00000016
Dec 13 17:20:29 mtu8-11041 backend[877]: Sensor @ channel #2 switched to BMT mode
Dec 13 17:20:29 mtu8-11041 backend[877]: Ch2: Setting dac: 8000
Dec 13 17:20:29 mtu8-11041 backend[877]: Channel Module #3 Serial #: 033AA8
Dec 13 17:20:29 mtu8-11041 backend[877]: Channel Module #3 Firmware: 0001001FX
Dec 13 17:20:29 mtu8-11041 backend[877]: Chanel Module #3 Hardware: BCM05-B
Dec 13 17:20:29 mtu8-11041 backend[877]: Ch H3 [3]: Setting config for sensor type: MTC-155
Dec 13 17:20:29 mtu8-11041 backend[877]: Ch3: Setting dac: 8000
Dec 13 17:20:29 mtu8-11041 backend[877]: Sensor @ channel #3 switched to BMT mode
Dec 13 17:20:29 mtu8-11041 backend[877]: Ch3: Setting dac: 8000
Dec 13 17:20:29 mtu8-11041 backend[877]: Channel module Bootloader version: 00000016
Dec 13 17:20:29 mtu8-11041 backend[877]: Channel Module #4 Serial #: 033AB5
Dec 13 17:20:29 mtu8-11041 backend[877]: Ch4: Setting dac: 8000
Dec 13 17:20:29 mtu8-11041 backend[877]: Channel Module #4 Firmware: 0001001FX
Dec 13 17:20:29 mtu8-11041 backend[877]: Chanel Module #4 Hardware: BCM05-B
Dec 13 17:20:29 mtu8-11041 backend[877]: Channel module Bootloader version: 00000016
Dec 13 17:20:29 mtu8-11041 backend[877]: 5 channel modules initialized from configuration file
Dec 13 17:20:29 mtu8-11041 backend[877]: Initializing screen
Dec 13 17:20:29 mtu8-11041 backend[877]: Socket: Listening on port 61206
Dec 13 17:20:29 mtu8-11041 backend[877]: {"name":"genome", "backend_version":"v2.45.0.2", "receiver_model":"RMT08-A", "receiver_commercial_name":"MTU-5C/DS", "backplane_hw_ver":"BMB02-A ", "backplane_fw_ver":"00010039X", "backplane_boot_ver":"00000016", "timingmodule_hw_ver":"BTM02-A ", "timingmodule_fw_ver":"00051903X", "timingmodule_boot_ver":"00000016", "timingmodule_cpld":"236B", "chans_hw_ver":["BCM05-B ","BCM05-B ","BCM05-B ","BCM05-B ","BCM05-B "], "chan_ser_num" : ["033ABC","033AB9","033AAB","033AA8","033AB5"], "chan_fw_ver" : ["0001001FX","0001001FX","0001001FX","0001001FX","0001001FX"], "chan_bootloader_ver" : ["00000016","00000016","00000016","00000016","00000016"]}
Dec 13 17:20:34 mtu8-11041 mqtt[942]: No control config in config.json, disabling net control
Dec 13 17:23:51 mtu8-11041 backend[877]: {18}<0> Time synchronized and enough satellites present
Dec 13 17:23:51 mtu8-11041 backend[877]: Timing Module Ready for ACQ (37 C 30)
Jan 30 18:34:44 mtu8-11041 backend[877]: Ch0: Setting dac: 8000
Jan 30 18:34:44 mtu8-11041 backend[877]: Ch1: Setting dac: 8000
Jan 30 18:34:44 mtu8-11041 backend[877]: Ch2: Setting dac: 8000
Jan 30 18:34:44 mtu8-11041 backend[877]: Ch3: Setting dac: 8000
Jan 30 18:34:45 mtu8-11041 backend[877]: Ch4: Setting dac: 8000
Jan 30 18:34:45 mtu8-11041 backend[877]: {68}<0> Acquiring Receiver internal calibration
Jan 30 18:34:45 mtu8-11041 backend[877]: Disabling ethernet interface as requested by config file
Jan 30 18:34:46 mtu8-11041 backend[877]: Ch0: Starting RECEIVER CALIBRATION (INT)
Jan 30 18:34:46 mtu8-11041 backend[877]:  >> Connected to channel module 0 (H2)
Jan 30 18:34:46 mtu8-11041 backend[877]: Ch1: Starting RECEIVER CALIBRATION (INT)
Jan 30 18:34:46 mtu8-11041 backend[877]:  >> Connected to channel module 1 (E1)
Jan 30 18:34:46 mtu8-11041 backend[877]: Ch2: Starting RECEIVER CALIBRATION (INT)
Jan 30 18:34:46 mtu8-11041 backend[877]:  >> Connected to channel module 2 (H1)
Jan 30 18:34:46 mtu8-11041 backend[877]: Ch3: Starting RECEIVER CALIBRATION (INT)
Jan 30 18:34:46 mtu8-11041 backend[877]:  >> Connected to channel module 3 (H3)
Jan 30 18:34:46 mtu8-11041 backend[877]: Ch4: Starting RECEIVER CALIBRATION (INT)
Jan 30 18:34:46 mtu8-11041 backend[877]:  >> Connected to channel module 4 (E2)
Jan 30 18:40:02 mtu8-11041 backend[877]: Stop requested by timing module at end of calibration, stopping...
Jan 30 18:40:03 mtu8-11041 backend[877]:  -- Disconnected from channel module 0 (H2)
Jan 30 18:40:03 mtu8-11041 backend[877]:  -- Disconnected from channel module 1 (E1)
Jan 30 18:40:03 mtu8-11041 backend[877]:  -- Disconnected from channel module 2 (H1)
Jan 30 18:40:03 mtu8-11041 backend[877]:  -- Disconnected from channel module 3 (H3)
Jan 30 18:40:03 mtu8-11041 backend[877]:  -- Disconnected from channel module 4 (E2)
Jan 30 18:40:03 mtu8-11041 backend[877]: Ch0: Setting dac: 8000
Jan 30 18:40:03 mtu8-11041 backend[877]: Ch1: Setting dac: 8000
Jan 30 18:40:04 mtu8-11041 backend[877]: Ch2: Setting dac: 8000
Jan 30 18:40:04 mtu8-11041 backend[877]: Ch3: Setting dac: 8000
