Dec 13 17:20:24 mtu8-11041 backend[874]: Initiating messenger
Dec 13 17:20:24 mtu8-11041 backend[874]: 
    ``                                                                     `   
   `````                                                                 ````  
   ``````                            ````                              ``````  
   ````````                  ````````  `````                        `````````  
     ```````                  `````````````````                   ```````````  
        ``````                         ````````                 `````````      
  ````     ````                           ````                ```````     ``   
  ````````   ```                           ```             ``````    ```````   
  ````````````   ```                       ```             ``   ```````````    
         ``````  ```````                 ````        ````  ```````````````     
    `````        ````````````         `````     ````````  `````                
    ```````````` ```````````````  ```````` ````````````  ```````````````       
     ````          `````````   `````````  ````````````   ``````````````        
          ````````  ``````  ``````````  ````````````   `````                   
        `````````     ``  ``````````  ````````````    `````````````            
         `````    ````  ```````````  `````````    `````    ``````              
                `````` ```````````  ````      ``  ```````                      
              ```````  ``````````      ```  `````   ```````                    
                      ```````````  ```````  ``````    ``                       
                      ```````````  ```````  ```````                            
                       ``````````       ``                                     
                       ```````````                                             
                        ``````````                                             
                         ``````````                                            
                           `````````                                           
                            ````````                                           
                                ```                                            
                                  `                                            
                  P H O E N I X        G E O P H Y S I C S                     
                                2 0 1 3                                        
                                                                               
                                                     v2.45.0.2                                 
                                  11041
Dec 13 17:20:24 mtu8-11041 backend[874]: Panel Map loaded, discovery mode: 1
Dec 13 17:20:24 mtu8-11041 backend[874]: Mapped device @ [1-1.2], enum <8>, to channel index <0>
Dec 13 17:20:24 mtu8-11041 backend[874]: {1}<3> CLEARED: Missing channels
Dec 13 17:20:24 mtu8-11041 backend[874]: Mapped device @ [1-1.4], enum <9>, to channel index <1>
Dec 13 17:20:25 mtu8-11041 backend[874]: Timing Module Hardware: BTM02-A
Dec 13 17:20:25 mtu8-11041 backend[874]: Timing Module Firmware: 00051903X
Dec 13 17:20:26 mtu8-11041 backend[874]: Timing Module Bootloader version: 00000016
Dec 13 17:20:26 mtu8-11041 backend[874]: Timing Module CPLD: 236B
Dec 13 17:20:27 mtu8-11041 backend[874]: Timing Module Serial: 033F40
Dec 13 17:20:28 mtu8-11041 backend[874]: {2}<3> CLEARED: Missing timing module
Dec 13 17:20:28 mtu8-11041 backend[874]: Mapped device @ [2-1.2.2], enum <9>, to channel index <3>
Dec 13 17:20:28 mtu8-11041 backend[874]: Mapped device @ [1-1.5], enum <10>, to channel index <2>
Dec 13 17:20:28 mtu8-11041 backend[874]: Mapped device @ [2-1.2.4], enum <10>, to channel index <4>
Dec 13 17:20:28 mtu8-11041 backend[874]: {5}<3> CLEARED: Hardware not initialized yet
Dec 13 17:20:28 mtu8-11041 backend[874]: Mapped channel DATA @ enum <10>, to channel index <4>
Dec 13 17:20:28 mtu8-11041 backend[874]: Mapped channel DATA @ enum <9>, to channel index <3>
Dec 13 17:20:28 mtu8-11041 backend[874]: Mapped channel DATA @ enum <10>, to channel index <2>
Dec 13 17:20:28 mtu8-11041 backend[874]: Mapped channel DATA @ enum <9>, to channel index <1>
Dec 13 17:20:28 mtu8-11041 backend[874]: Mapped channel DATA @ enum <8>, to channel index <0>
Dec 13 17:20:28 mtu8-11041 backend[874]: Discovered Channel module at 8
Dec 13 17:20:28 mtu8-11041 backend[874]: Discovered Channel module at 9
Dec 13 17:20:28 mtu8-11041 backend[874]: Discovered Timing module at 8
Dec 13 17:20:28 mtu8-11041 backend[874]: Discovered Channel module at 9
Dec 13 17:20:28 mtu8-11041 backend[874]: Discovered Channel module at 10
Dec 13 17:20:28 mtu8-11041 backend[874]: Discovered Channel module at 10
Dec 13 17:20:28 mtu8-11041 backend[874]: Discovered motherboard at 11
Dec 13 17:20:28 mtu8-11041 backend[874]: Backplane Hardware: BMB02-A
Dec 13 17:20:28 mtu8-11041 backend[874]: Backplane Firmware: 00010039X
Dec 13 17:20:28 mtu8-11041 backend[874]: Backplane Serial: 033DED
Dec 13 17:20:28 mtu8-11041 backend[874]: Backplane Bootloader version: 00000016
Dec 13 17:20:28 mtu8-11041 backend[874]: Timing Module Hardware: BTM02-A
Dec 13 17:20:29 mtu8-11041 backend[874]: {37}<0> SD card ready
Dec 13 17:20:29 mtu8-11041 backend[874]: GNSS object found in config file, GPS - 1, BeiDou - 0, GLONASS -0, Galileo - 0, QZSS - 1, SBAS - 0
Dec 13 17:20:29 mtu8-11041 backend[874]: Configuration loaded with 0 scheduled tasks
Dec 13 17:20:29 mtu8-11041 backend[874]: Channel Module #0 Serial #: 033ABC
Dec 13 17:20:29 mtu8-11041 backend[874]: Channel Module #0 Firmware: 0001001FX
Dec 13 17:20:29 mtu8-11041 backend[874]: Ch H2 [0]: Setting config for sensor type: MTC-155
Dec 13 17:20:29 mtu8-11041 backend[874]: Ch0: Setting dac: 8000
Dec 13 17:20:29 mtu8-11041 backend[874]: Chanel Module #0 Hardware: BCM05-B
Dec 13 17:20:29 mtu8-11041 backend[874]: Sensor @ channel #0 switched to BMT mode
Dec 13 17:20:29 mtu8-11041 backend[874]: Ch0: Setting dac: 8000
Dec 13 17:20:29 mtu8-11041 backend[874]: Channel module Bootloader version: 00000016
Dec 13 17:20:29 mtu8-11041 backend[874]: Channel Module Sensor Message (Ch0):SMS I 17 00 SMT06-B    - 58211
Dec 13 17:20:29 mtu8-11041 backend[874]: For Channel idx 0 Model is SMT06-B, Serial is 58211
Dec 13 17:20:29 mtu8-11041 backend[874]: Channel Module Sensor Message (Ch0):SMS F 03 00 B
Dec 13 17:20:29 mtu8-11041 backend[874]: Ch1: Setting dac: 8000
Dec 13 17:20:29 mtu8-11041 backend[874]: Channel Module #1 Serial #: 033AB9
Dec 13 17:20:29 mtu8-11041 backend[874]: Channel Module #1 Firmware: 0001001FX
Dec 13 17:20:29 mtu8-11041 backend[874]: Chanel Module #1 Hardware: BCM05-B
Dec 13 17:20:29 mtu8-11041 backend[874]: Channel module Bootloader version: 00000016
Dec 13 17:20:29 mtu8-11041 backend[874]: Ch H1 [2]: Setting config for sensor type: MTC-155
Dec 13 17:20:29 mtu8-11041 backend[874]: Ch2: Setting dac: 8000
Dec 13 17:20:29 mtu8-11041 backend[874]: Channel Module #2 Serial #: 033AAB
Dec 13 17:20:29 mtu8-11041 backend[874]: Channel Module #2 Firmware: 0001001FX
Dec 13 17:20:29 mtu8-11041 backend[874]: Chanel Module #2 Hardware: BCM05-B
Dec 13 17:20:29 mtu8-11041 backend[874]: Channel module Bootloader version: 00000016
Dec 13 17:20:29 mtu8-11041 backend[874]: Sensor @ channel #2 switched to BMT mode
Dec 13 17:20:29 mtu8-11041 backend[874]: Ch2: Setting dac: 8000
Dec 13 17:20:29 mtu8-11041 backend[874]: Channel Module Sensor Message (Ch2):SMS I 17 00 SMT06-B    - 58207
Dec 13 17:20:29 mtu8-11041 backend[874]: For Channel idx 2 Model is SMT06-B, Serial is 58207
Dec 13 17:20:29 mtu8-11041 backend[874]: Channel Module Sensor Message (Ch2):SMS F 03 00 B
Dec 13 17:20:29 mtu8-11041 backend[874]: Channel Module #3 Serial #: 033AA8
Dec 13 17:20:29 mtu8-11041 backend[874]: Channel Module #3 Firmware: 0001001FX
Dec 13 17:20:29 mtu8-11041 backend[874]: Chanel Module #3 Hardware: BCM05-B
Dec 13 17:20:29 mtu8-11041 backend[874]: Ch H3 [3]: Setting config for sensor type: MTC-155
Dec 13 17:20:29 mtu8-11041 backend[874]: Ch3: Setting dac: 8000
Dec 13 17:20:30 mtu8-11041 backend[874]: Sensor @ channel #3 switched to BMT mode
Dec 13 17:20:30 mtu8-11041 backend[874]: Ch3: Setting dac: 8000
Dec 13 17:20:30 mtu8-11041 backend[874]: Channel module Bootloader version: 00000016
Dec 13 17:20:30 mtu8-11041 backend[874]: Channel Module Sensor Message (Ch3):SMS I 17 00 SMT06-B    - 58240
Dec 13 17:20:30 mtu8-11041 backend[874]: For Channel idx 3 Model is SMT06-B, Serial is 58240
Dec 13 17:20:30 mtu8-11041 backend[874]: Channel Module Sensor Message (Ch3):SMS F 03 00 B
Dec 13 17:20:30 mtu8-11041 backend[874]: Channel Module #4 Serial #: 033AB5
Dec 13 17:20:30 mtu8-11041 backend[874]: Channel Module #4 Firmware: 0001001FX
Dec 13 17:20:30 mtu8-11041 backend[874]: Ch4: Setting dac: 8000
Dec 13 17:20:30 mtu8-11041 backend[874]: 5 channel modules initialized from configuration file
Dec 13 17:20:30 mtu8-11041 backend[874]: Initializing screen
Dec 13 17:20:30 mtu8-11041 backend[874]: Socket: Listening on port 61206
Dec 13 17:20:30 mtu8-11041 backend[874]: Chanel Module #4 Hardware: BCM05-B
Dec 13 17:20:30 mtu8-11041 backend[874]: Channel module Bootloader version: 00000016
Dec 13 17:20:30 mtu8-11041 backend[874]: {"name":"genome", "backend_version":"v2.45.0.2", "receiver_model":"RMT08-A", "receiver_commercial_name":"MTU-5C/DS", "backplane_hw_ver":"BMB02-A ", "backplane_fw_ver":"00010039X", "backplane_boot_ver":"00000016", "timingmodule_hw_ver":"BTM02-A ", "timingmodule_fw_ver":"00051903X", "timingmodule_boot_ver":"00000016", "timingmodule_cpld":"236B", "chans_hw_ver":["BCM05-B ","BCM05-B ","BCM05-B ","BCM05-B ",""], "chan_ser_num" : ["033ABC","033AB9","033AAB","033AA8","033AB5"], "chan_fw_ver" : ["0001001FX","0001001FX","0001001FX","0001001FX","0001001FX"], "chan_bootloader_ver" : ["00000016","00000016","00000016","00000016","00000000"]}
Dec 13 17:20:35 mtu8-11041 mqtt[938]: No control config in config.json, disabling net control
Dec 13 17:23:06 mtu8-11041 backend[874]: {18}<0> Time synchronized and enough satellites present
Dec 13 17:23:06 mtu8-11041 backend[874]: Timing Module Ready for ACQ (37 B 30)
Jan 30 20:24:03 mtu8-11041 backend[874]: Ch0: Setting dac: 8000
Jan 30 20:24:03 mtu8-11041 backend[874]: Ch1: Setting dac: 8000
Jan 30 20:24:03 mtu8-11041 backend[874]: Ch2: Setting dac: 8000
Jan 30 20:24:03 mtu8-11041 backend[874]: Ch3: Setting dac: 8000
Jan 30 20:24:04 mtu8-11041 backend[874]: Ch4: Setting dac: 8000
Jan 30 20:24:04 mtu8-11041 backend[874]: {67}<0> Acquiring Sensor calibration
Jan 30 20:24:04 mtu8-11041 backend[874]: Disabling ethernet interface as requested by config file
Jan 30 20:24:04 mtu8-11041 backend[874]: Ch H2 [0]: Setting config for sensor type: MTC-155
Jan 30 20:24:04 mtu8-11041 backend[874]: Ch0: Setting dac: 8000
Jan 30 20:24:04 mtu8-11041 backend[874]: Channel Module Sensor Message (Ch0):SMS I 17 00 SMT06-B    - 58211
Jan 30 20:24:04 mtu8-11041 backend[874]: For Channel idx 0 Model is SMT06-B, Serial is 58211
Jan 30 20:24:04 mtu8-11041 backend[874]: Channel Module Sensor Message (Ch0):SMS F 03 00 B
Jan 30 20:24:04 mtu8-11041 backend[874]: Sensor @ channel #0 switched to BMT mode
Jan 30 20:24:04 mtu8-11041 backend[874]: Ch H1 [2]: Setting config for sensor type: MTC-155
Jan 30 20:24:04 mtu8-11041 backend[874]: Ch2: Setting dac: 8000
Jan 30 20:24:04 mtu8-11041 backend[874]: Sensor @ channel #2 switched to BMT mode
Jan 30 20:24:04 mtu8-11041 backend[874]: Ch H3 [3]: Setting config for sensor type: MTC-155
Jan 30 20:24:04 mtu8-11041 backend[874]: Ch3: Setting dac: 8000
Jan 30 20:24:04 mtu8-11041 backend[874]: Channel Module Sensor Message (Ch2):SMS I 17 00 SMT06-B    - 58207
Jan 30 20:24:04 mtu8-11041 backend[874]: For Channel idx 2 Model is SMT06-B, Serial is 58207
Jan 30 20:24:04 mtu8-11041 backend[874]: Channel Module Sensor Message (Ch2):SMS F 03 00 B
Jan 30 20:24:04 mtu8-11041 backend[874]: Sensor @ channel #3 switched to BMT mode
Jan 30 20:24:04 mtu8-11041 backend[874]: Channel Module Sensor Message (Ch3):SMS I 17 00 SMT06-B    - 58240
Jan 30 20:24:04 mtu8-11041 backend[874]: For Channel idx 3 Model is SMT06-B, Serial is 58240
Jan 30 20:24:04 mtu8-11041 backend[874]: Channel Module Sensor Message (Ch3):SMS F 03 00 B
Jan 30 20:24:05 mtu8-11041 backend[874]: Ch0: Starting SENSOR CALIBRATION
Jan 30 20:24:05 mtu8-11041 backend[874]:  >> Connected to channel module 0 (H2)
Jan 30 20:24:05 mtu8-11041 backend[874]: Ch1: Starting SENSOR CALIBRATION
Jan 30 20:24:05 mtu8-11041 backend[874]:  >> Connected to channel module 1 (E1)
Jan 30 20:24:05 mtu8-11041 backend[874]: Ch2: Starting SENSOR CALIBRATION
Jan 30 20:24:05 mtu8-11041 backend[874]:  >> Connected to channel module 2 (H1)
Jan 30 20:24:05 mtu8-11041 backend[874]: Ch3: Starting SENSOR CALIBRATION
Jan 30 20:24:05 mtu8-11041 backend[874]:  >> Connected to channel module 3 (H3)
Jan 30 20:44:20 mtu8-11041 backend[874]: Stop requested by timing module at end of calibration, stopping...
Jan 30 20:44:21 mtu8-11041 backend[874]:  -- Disconnected from channel module 0 (H2)
Jan 30 20:44:21 mtu8-11041 backend[874]:  -- Disconnected from channel module 1 (E1)
Jan 30 20:44:21 mtu8-11041 backend[874]:  -- Disconnected from channel module 2 (H1)
Jan 30 20:44:22 mtu8-11041 backend[874]:  -- Disconnected from channel module 3 (H3)
